<!DOCTYPE html>
<html>
<head>
    <meta charset="UTF-8"/>
    <title>Collection Time</title>
<link rel="shortcut icon" type="image/x-icon" href="favicon.ico">
<link rel="apple-touch-icon" sizes="57x57" href="apple-icon-57x57.png">
<link rel="apple-touch-icon" sizes="60x60" href="apple-icon-60x60.png">
<link rel="apple-touch-icon" sizes="72x72" href="apple-icon-72x72.png">
<link rel="apple-touch-icon" sizes="76x76" href="apple-icon-76x76.png">
<link rel="apple-touch-icon" sizes="114x114" href="apple-icon-114x114.png">
<link rel="apple-touch-icon" sizes="120x120" href="apple-icon-120x120.png">
<link rel="apple-touch-icon" sizes="144x144" href="apple-icon-144x144.png">
<link rel="apple-touch-icon" sizes="152x152" href="apple-icon-152x152.png">
<link rel="apple-touch-icon" sizes="180x180" href="apple-icon-180x180.png">
<link rel="icon" type="image/png" sizes="192x192"  href="android-icon-192x192.png">
<link rel="icon" type="image/png" sizes="32x32" href="favicon-32x32.png">
<link rel="icon" type="image/png" sizes="96x96" href="favicon-96x96.png">
<link rel="icon" type="image/png" sizes="16x16" href="favicon-16x16.png">
<meta name="msapplication-TileColor" content="#ffffff">
<meta name="msapplication-TileImage" content="/ms-icon-144x144.png">
<meta name="theme-color" content="#ffffff"><!--[if IE 7]>
<!--<link rel="stylesheet" href="font-awesome/css/font-awesome-ie7.min.css">-->

<link rel="stylesheet" type="text/css" href="fontawesome-free-5.7.2-web/css/all.min.css">
<link rel="stylesheet" type="text/css" href="fontawesome-free-5.7.2-web/css/v4-shims.min.css">

<!-- JQuery -->
<script type="text/javascript" src="scripts/jquery-1.11.1.min.js"></script><link rel="stylesheet" type="text/css" href="chartist/chartist-plugin-tooltip/dist/chartist-plugin-tooltip.min.css">
<link rel="stylesheet" type="text/css" href="chartist/dist/chartist.min.css">
<script src="chartist/dist/chartist.min.js"></script>
<script src="chartist/chartist-plugin-tooltip/dist/chartist-plugin-tooltip.min.js"></script>
<!-- Required Stylesheets -->
<link href="bootstrap-treeview/dist/bootstrap-treeview.min.css" rel="stylesheet">

<!-- Required Javascript -->
<script src="bootstrap-treeview/dist/bootstrap-treeview.min.js"></script><!-- DataTables -->
<link type="text/css" href="datatables/1.10.20/datatables.min.css" rel="stylesheet" />
<script type="text/javascript" src="datatables/1.10.20/datatables.min.js"></script>
<script type="text/javascript" src="datatables/1.10.20/time-elapsed-dhms.js"></script>

<link href="bootstrap/css/bootstrap.min.css" rel="stylesheet">
<script src="bootstrap/js/bootstrap.min.js"></script>

<script type="text/javascript" src="datatables/1.10.20/datatables.bootstrap4.min.js"></script>
<link type="text/css" href="datatables/1.10.20/datatables.bootstrap4.min.css" rel="stylesheet" />

<script>
    jQuery.fn.dataTable.ext.type.order['time-elapsed-dhms-pre'] = function(data) {

        var matches = data.match(/^(\d+(?:\.\d+)?)\s*([a-z]+)/i);
        var multipliers = {
            ms: 1,
            s: 1000,
            m: 60000,
            h: 3600000,
            d: 86400000
        };

        if (matches) {
            var multiplier = multipliers[matches[2].toLowerCase()];
            return parseFloat(matches[1]) * multiplier;
        } else {
            return -1;
        };
    };
</script>
<link rel="stylesheet" href="css/core.css"/>
<link rel="stylesheet" href="css/link.css"/>
<link type="text/css" media="screen" href="css/screen.css" rel="Stylesheet"/><!-- JQuery-UI -->
<link type="text/css" href="jqueryui/1.11.2-start/jquery-ui.min.css" rel="Stylesheet" />
<script type="text/javascript" src="jqueryui/1.11.2-start/jquery-ui.min.js"></script><!-- DataTables -->
<link type="text/css" href="datatables/1.10.20/datatables.min.css" rel="stylesheet" />
<script type="text/javascript" src="datatables/1.10.20/datatables.min.js"></script>
<script type="text/javascript" src="datatables/1.10.20/time-elapsed-dhms.js"></script>

<link href="bootstrap/css/bootstrap.min.css" rel="stylesheet">
<script src="bootstrap/js/bootstrap.min.js"></script>

<script type="text/javascript" src="datatables/1.10.20/datatables.bootstrap4.min.js"></script>
<link type="text/css" href="datatables/1.10.20/datatables.bootstrap4.min.css" rel="stylesheet" />

<script>
    jQuery.fn.dataTable.ext.type.order['time-elapsed-dhms-pre'] = function(data) {

        var matches = data.match(/^(\d+(?:\.\d+)?)\s*([a-z]+)/i);
        var multipliers = {
            ms: 1,
            s: 1000,
            m: 60000,
            h: 3600000,
            d: 86400000
        };

        if (matches) {
            var multiplier = multipliers[matches[2].toLowerCase()];
            return parseFloat(matches[1]) * multiplier;
        } else {
            return -1;
        };
    };
</script>
<!-- ImgPreview -->
<script src="scripts/imgpreview.full.jquery.js" type="text/javascript"></script>
</head>

<body class="results-page">


<div id="topheader">
    <div id="topbanner">
        <div id="logo"><a href="index.html"><img src="images/serenity-logo.png" border="0"/></a></div>
        <div id="projectname-banner" style="float:right">
            <span class="projectname">
                <span class="projecttitle">Openelis Qa Framework Report</span>
                <span class="projectsubtitle"></span>
            </span>
        </div>
    </div>
</div>

<div class="middlecontent">
    <div id="contenttop">
        <div class="middlebg">
        <span class="breadcrumbs">
            <a href="index.html" class="breadcrumbs">Home</a>

        > Collection Time
        </span>
        </div>
        <div class="rightbg"></div>
    </div>

    <div class="clr"></div>

    <!--/* starts second table*/-->
<div>
    <ul class="nav nav-tabs" role="tablist">
        <li class="active">
            <a href="#"><i class="fa fa-check-square-o"></i> Overall Test Results</a>
        </li>
        <li >
            <a href="capabilities.html"><i class="fa fa-book"></i> Requirements</a>
        </li>
    </ul>
    <span class="date-and-time"><a href="build-info.html"><i class="fa fa-info-circle"></i></a> Report generated 22-02-2023 11:17</span>
    <br style="clear:left"/>
</div>
    <div class="clr"></div>


    <div id="contentbody">
        <div class="titlebar">
            <div class="story-title">
                <table class="outcome-header">
                    <tr>
                        <td>
                                <div>
                                    <h3 class="discreet-story-header">
                                        <i class="fa fa-2x fa-comments-o"></i>
                                        <span class="story-header-title">Modify Order</span>
                                    </h3>
                                </div>

                        </td>
                        <td valign="top">
                                <p class="tag">
                                    <span class="badge tag-badge" style="background:default;">
                                    <i class="fa fa-tag"></i>&nbsp;<a class="tagLink" style="background:default;"
                                                                      href="18520d7cd6cd0a81d37f8af427858582ca9c6a841877ed27284a2b72f1c1a068.html">Modify Order
                                    (tag)</a>
                                </span>
                                </p>
                        </td>
                    </tr>
                </table>
            </div>
            <div class="story-title">
                <table class="outcome-header">
                    <tr>
                        <td colspan="2" class="test-title-bar">
                            <span class="outcome-icon"><a href='##beforetable'><i class='fa fa-exclamation-triangle error-icon fa-2x' title='ERROR'></i></a></span>
                            <span class="test-case-title">
                                <span class="error-color">
                                    Collection Time
                                        <span class="related-issue-title"></span>
                                </span>
                            </span>

                        </td>
                    </tr>
                </table>
            </div>



        </div>
    </div>

    <div class="clr"></div>

        <div class="story-title">
            <h3 class="story-header">Scenario Outline</h3>

            <div class="scenario">And User Search by lab number "&lt;labNo&gt;" from previous testing steps on the Modify Oder Page<br>When User Enters Collection Time "&lt;time&gt;" on the Modify Oder Page<br>Then Collection Time Field  validates "&lt;validation&gt;" the time format</div>

        </div>

    <div id="beforetable"></div>


            <h3 class="story-header">Examples:&nbsp;</h3>
                <div class="requirementNarrative"></div>


                <p class="example-tag">
                </p>

            <div class="example-table test-report">
                <table class="table">
                    <thead>
                    <tr>
                        <th>#</th>
                            <th>Lab No</th>
                            <th>Time</th>
                            <th>Validation</th>
                    </tr>
                    </thead>
                    <tbody>
                        <tr>
                            <td class="test-ERROR"><a href="#0">1</a></td>
                                <td class="test-ERROR"><a
                                            href="#0">20210000000003761</a>
                                </td>
                                <td class="test-ERROR"><a
                                            href="#0">XXMM</a>
                                </td>
                                <td class="test-ERROR"><a
                                            href="#0">Rejects incorect Format ,non numeric</a>
                                </td>
                        </tr>
                        <tr>
                            <td class="test-ERROR"><a href="#1">2</a></td>
                                <td class="test-ERROR"><a
                                            href="#1">20210000000003761</a>
                                </td>
                                <td class="test-ERROR"><a
                                            href="#1">30:30</a>
                                </td>
                                <td class="test-ERROR"><a
                                            href="#1">Rejects time not existing on the  in 12/24 hour clock</a>
                                </td>
                        </tr>
                        <tr>
                            <td class="test-ERROR"><a href="#2">3</a></td>
                                <td class="test-ERROR"><a
                                            href="#2">20210000000003761</a>
                                </td>
                                <td class="test-ERROR"><a
                                            href="#2">12:122</a>
                                </td>
                                <td class="test-ERROR"><a
                                            href="#2">Rejects extra digits</a>
                                </td>
                        </tr>
                        <tr>
                            <td class="test-ERROR"><a href="#3">4</a></td>
                                <td class="test-ERROR"><a
                                            href="#3">20210000000003761</a>
                                </td>
                                <td class="test-ERROR"><a
                                            href="#3">1111</a>
                                </td>
                                <td class="test-ERROR"><a
                                            href="#3">Auto-corrects HHMM format to HH:MM</a>
                                </td>
                        </tr>
                        <tr>
                            <td class="test-ERROR"><a href="#4">5</a></td>
                                <td class="test-ERROR"><a
                                            href="#4">20210000000003761</a>
                                </td>
                                <td class="test-ERROR"><a
                                            href="#4">10:10</a>
                                </td>
                                <td class="test-ERROR"><a
                                            href="#4">Accepts correct Format in HH:MM</a>
                                </td>
                        </tr>
                    </tbody>
                </table>
            </div>

    <div id="tablecontents">
        <div>
            <table class="step-table">
                <tr class="step-titles">
                    <th width="65">
                    </th>
                    <th class="step-description-column greentext">
                        Steps
                    </th>

                    <th width="130" class="greentext">Outcome</th>
                    <th width="100" class="greentext"><i title="Duration" class="far fa-clock"></i></th>
                </tr>
                <tr class="step-table-separator">
                    <td colspan="5"></td>
                </tr>

                    <tr class="test-ERROR">

                        <td width="50" class="step-icon">
                            <a name="0"></a>
                                <a href="javaScript:void(0)" onClick="toggleDiv('stepSection0')"
                                   style="display:block">
                                    <i class="fa fa-plus-square-o imgstepSection0 error-icon"
                                       style="margin-left: 20px; float:left; padding-right:5px"></i>
                                </a>
                        </td>

                        <td class="step-description-column">
                            <div class="step-description">
                                <a href="javaScript:void(0)" onClick="toggleDiv('stepSection0')"
                                   style="display:block;">
                                    <span class="top-level-step">
                                                1: Collection Time ({labNo=20210000000003761, time=XXMM, validation=Rejects incorect Format ,non numeric})
                                        </span>
                                </a>
                                <span class="evidence">
                                </span>
                            </div>
                        </td>

                        <td width="130"><span class="top-level-step">ERROR</span></td>
                        <td width="100"><span class="top-level-step">56s 265ms</span></td>
                    </tr>
                        <tr>
                            <td colspan="5">
                                <table id="stepSection0" class="step-table-nested" style="display:none;">
                    <tr class="test-SUCCESS">

                        <td width="70" class="step-icon">
                            <a name="0-0"></a>
                                <span style="margin-left: 40px;"
                                      class="nested-group-icon"><a href='##beforetable'><i class='fa fa-check-circle-o success-icon ' title='SUCCESS'></i></a>
                                </span>
                        </td>

                        <td class="step-description-column">
                            <div class="step-description">
                                    <span class="nested-group-step">
                                                Given User Logs in to Home Page and goes to Modify Order Page
                                        </span>
                                <span class="evidence">
                                </span>
                            </div>
                        </td>

                        <td width="130"><span class="nested-group-step">SUCCESS</span></td>
                        <td width="100"><span class="nested-group-step">3s 032ms</span></td>
                    </tr>
                    <tr class="test-SUCCESS">

                        <td width="70" class="step-icon">
                            <a name="0-1"></a>
                                <span style="margin-left: 40px;"
                                      class="nested-group-icon"><a href='##beforetable'><i class='fa fa-check-circle-o success-icon ' title='SUCCESS'></i></a>
                                </span>
                        </td>

                        <td class="step-description-column">
                            <div class="step-description">
                                    <span class="nested-group-step">
                                                And User Search by lab number "20210000000003761" from previous testing steps on the Modify Oder Page
                                        </span>
                                <span class="evidence">
                                </span>
                            </div>
                        </td>

                        <td width="130"><span class="nested-group-step">SUCCESS</span></td>
                        <td width="100"><span class="nested-group-step">467ms</span></td>
                    </tr>
                    <tr class="test-ERROR">

                        <td width="70" class="step-icon">
                            <a name="0-2"></a>
                                <span style="margin-left: 40px;"
                                      class="nested-group-icon"><a href='##beforetable'><i class='fa fa-exclamation-triangle error-icon ' title='ERROR'></i></a>
                                </span>
                        </td>

                        <td class="step-description-column">
                            <div class="step-description">
                                    <span class="nested-group-step">
                                                When User Enters Collection Time "XXMM" on the Modify Oder Page
                                        </span>
                                <span class="evidence">
                                </span>
                            </div>
                        </td>

                        <td width="130"><span class="nested-group-step">ERROR</span></td>
                        <td width="100"><span class="nested-group-step">52s 122ms</span></td>
                    </tr>
                        <tr class="test-ERROR">
                            <td width="40">&nbsp</td>
                            <td width="%" colspan="3" class="error-message-cell">


    <div style="display:block">
        <div class="table">
            <div class="row">
                <div class="col-sm-10" style="padding-left:1.5em; padding-top:0.5em; padding-bottom:0.5em;">
                    <span class="error-message error-message-title">org.openqa.selenium.NoSuchElementException: no such element: Unable to locate element: {&quot;method&quot;:&quot;xpath&quot;,&quot;selector&quot;:&quot;//input[contains(@name,&#39;collectionTime&#39;)]&quot;}<br>  (Session info: chrome=110.0.5481.100)<br>For documentation on this error, please visit: https://www.seleniumhq.org/exceptions/no_such_element.html<br>Build info: version: &#39;3.141.59&#39;, revision: &#39;e82be7d358&#39;, time: &#39;2018-11-14T08:17:03&#39;<br>System info: host: &#39;fv-az578-222&#39;, ip: &#39;10.1.0.64&#39;, os.name: &#39;Linux&#39;, os.arch: &#39;amd64&#39;, os.version: &#39;5.15.0-1033-azure&#39;, java.version: &#39;1.8.0_362&#39;<br>Driver info: org.openqa.selenium.remote.RemoteWebDriver<br>Capabilities {acceptInsecureCerts: false, browserName: chrome, browserVersion: 110.0.5481.100, chrome: {chromedriverVersion: 110.0.5481.77 (65ed616c6e8e..., userDataDir: /tmp/.com.google.Chrome.qjkz6V}, goog:chromeOptions: {debuggerAddress: localhost:36837}, javascriptEnabled: true, networkConnectionEnabled: false, pageLoadStrategy: normal, platform: LINUX, platformName: LINUX, proxy: Proxy(), se:bidiEnabled: false, se:cdp: ws://172.18.0.2:4444/sessio..., se:cdpVersion: 110.0.5481.100, se:vnc: ws://172.18.0.2:4444/sessio..., se:vncEnabled: true, se:vncLocalAddress: ws://172.18.0.2:7900, setWindowRect: true, strictFileInteractability: false, timeouts: {implicit: 0, pageLoad: 300000, script: 30000}, unhandledPromptBehavior: dismiss and notify, webauthn:extension:credBlob: true, webauthn:extension:largeBlob: true, webauthn:virtualAuthenticators: true}<br>Session ID: e35576232394386f8619dc70448ef746<br>*** Element info: {Using=xpath, value=//input[contains(@name,&#39;collectionTime&#39;)]}<br>For documentation on this error, please visit: https://www.seleniumhq.org/exceptions/no_such_element.html<br>Build info: version: &#39;3.141.59&#39;, revision: &#39;e82be7d358&#39;, time: &#39;2018-11-14T08:17:03&#39;<br>System info: host: &#39;fv-az578-222&#39;, ip: &#39;10.1.0.64&#39;, os.name: &#39;Linux&#39;, os.arch: &#39;amd64&#39;, os.version: &#39;5.15.0-1033-azure&#39;, java.version: &#39;1.8.0_362&#39;<br>Driver info: driver.version: unknown</span>
                </div>
                <div class="col-sm-2">
                    <a class="btn btn-warning details-button" data-toggle="collapse" href="#stacktraceModal-4""
                       role="button" aria-expanded="false" aria-controls="multiCollapseExample1"><i class="far fa-eye"></i> More details</a>
                </div>
             </div>
        </div>
    <div>

    <!-- Details Section -->
    <div class="row stacktrace-details">
      <div class="col">
        <div class="collapse multi-collapse" id="stacktraceModal-4">
            <div class="card">
                <div class="card-header">
                    <h4>org.openqa.selenium.NoSuchElementException </h4>
                </div>
                <div class="card-body">
                    <div>
                        <pre>org.openelisglobal.qaframework.automation.page.Page.findElement(Page.java:188)<br />org.openelisglobal.qaframework.automation.page.Page.setText(Page.java:228)<br />org.openelisglobal.qaframework.automation.page.ModifyOrderPage.enterCollectionTime(ModifyOrderPage.java:201)<br />org.openelisglobal.qaframework.automation.ModifyOrderSteps.enterCollectionTimeOnModifyOrderPage(ModifyOrderSteps.java:683)<br />io.cucumber.java.Invoker.doInvoke(Invoker.java:66)<br />io.cucumber.java.Invoker.invoke(Invoker.java:24)<br />io.cucumber.java.AbstractGlueDefinition.invokeMethod(AbstractGlueDefinition.java:47)<br />io.cucumber.java.JavaStepDefinition.execute(JavaStepDefinition.java:29)<br />io.cucumber.core.runner.CoreStepDefinition.execute(CoreStepDefinition.java:66)<br />io.cucumber.core.runner.PickleStepDefinitionMatch.runStep(PickleStepDefinitionMatch.java:63)<br />io.cucumber.core.runner.TestStep.executeStep(TestStep.java:92)<br />io.cucumber.core.runner.TestStep.run(TestStep.java:64)<br />io.cucumber.core.runner.PickleStepTestStep.run(PickleStepTestStep.java:51)<br />io.cucumber.core.runner.TestCase.run(TestCase.java:104)<br />io.cucumber.core.runner.Runner.runPickle(Runner.java:73)<br />io.cucumber.junit.FeatureRunner.runChild(FeatureRunner.java:135)<br />io.cucumber.junit.FeatureRunner.runChild(FeatureRunner.java:27)<br />io.cucumber.junit.CucumberSerenityRunner.runChild(CucumberSerenityRunner.java:258)<br />io.cucumber.junit.CucumberSerenityRunner.runChild(CucumberSerenityRunner.java:57)<br /></pre>
                    </div>

                </div>
            </div>
        </div>
    </div>
                            </td>
                        </tr>
                    <tr class="test-SKIPPED">

                        <td width="70" class="step-icon">
                            <a name="0-3"></a>
                                <span style="margin-left: 40px;"
                                      class="nested-group-icon"><a href='##beforetable'><i class='fa fa-fast-forward skipped-icon ' title='SKIPPED'></i></a>
                                </span>
                        </td>

                        <td class="step-description-column">
                            <div class="step-description">
                                    <span class="nested-group-step">
                                                Then Collection Time Field  validates "Rejects incorect Format ,non numeric" the time format
                                        </span>
                                <span class="evidence">
                                </span>
                            </div>
                        </td>

                        <td width="130"><span class="nested-group-step">SKIPPED</span></td>
                        <td width="100"><span class="nested-group-step"></span></td>
                    </tr>

                                </table>
                            </td>
                        </tr>
                    <tr class="test-ERROR">

                        <td width="50" class="step-icon">
                            <a name="1"></a>
                                <a href="javaScript:void(0)" onClick="toggleDiv('stepSection1')"
                                   style="display:block">
                                    <i class="fa fa-plus-square-o imgstepSection1 error-icon"
                                       style="margin-left: 20px; float:left; padding-right:5px"></i>
                                </a>
                        </td>

                        <td class="step-description-column">
                            <div class="step-description">
                                <a href="javaScript:void(0)" onClick="toggleDiv('stepSection1')"
                                   style="display:block;">
                                    <span class="top-level-step">
                                                2: Collection Time ({labNo=20210000000003761, time=30:30, validation=Rejects time not existing on the  in 12/24 hour clock})
                                        </span>
                                </a>
                                <span class="evidence">
                                </span>
                            </div>
                        </td>

                        <td width="130"><span class="top-level-step">ERROR</span></td>
                        <td width="100"><span class="top-level-step">56s 330ms</span></td>
                    </tr>
                        <tr>
                            <td colspan="5">
                                <table id="stepSection1" class="step-table-nested" style="display:none;">
                    <tr class="test-SUCCESS">

                        <td width="70" class="step-icon">
                            <a name="1-0"></a>
                                <span style="margin-left: 40px;"
                                      class="nested-group-icon"><a href='##beforetable'><i class='fa fa-check-circle-o success-icon ' title='SUCCESS'></i></a>
                                </span>
                        </td>

                        <td class="step-description-column">
                            <div class="step-description">
                                    <span class="nested-group-step">
                                                Given User Logs in to Home Page and goes to Modify Order Page
                                        </span>
                                <span class="evidence">
                                </span>
                            </div>
                        </td>

                        <td width="130"><span class="nested-group-step">SUCCESS</span></td>
                        <td width="100"><span class="nested-group-step">2s 936ms</span></td>
                    </tr>
                    <tr class="test-SUCCESS">

                        <td width="70" class="step-icon">
                            <a name="1-1"></a>
                                <span style="margin-left: 40px;"
                                      class="nested-group-icon"><a href='##beforetable'><i class='fa fa-check-circle-o success-icon ' title='SUCCESS'></i></a>
                                </span>
                        </td>

                        <td class="step-description-column">
                            <div class="step-description">
                                    <span class="nested-group-step">
                                                And User Search by lab number "20210000000003761" from previous testing steps on the Modify Oder Page
                                        </span>
                                <span class="evidence">
                                </span>
                            </div>
                        </td>

                        <td width="130"><span class="nested-group-step">SUCCESS</span></td>
                        <td width="100"><span class="nested-group-step">417ms</span></td>
                    </tr>
                    <tr class="test-ERROR">

                        <td width="70" class="step-icon">
                            <a name="1-2"></a>
                                <span style="margin-left: 40px;"
                                      class="nested-group-icon"><a href='##beforetable'><i class='fa fa-exclamation-triangle error-icon ' title='ERROR'></i></a>
                                </span>
                        </td>

                        <td class="step-description-column">
                            <div class="step-description">
                                    <span class="nested-group-step">
                                                When User Enters Collection Time "30:30" on the Modify Oder Page
                                        </span>
                                <span class="evidence">
                                </span>
                            </div>
                        </td>

                        <td width="130"><span class="nested-group-step">ERROR</span></td>
                        <td width="100"><span class="nested-group-step">52s 271ms</span></td>
                    </tr>
                        <tr class="test-ERROR">
                            <td width="40">&nbsp</td>
                            <td width="%" colspan="3" class="error-message-cell">


    <div style="display:block">
        <div class="table">
            <div class="row">
                <div class="col-sm-10" style="padding-left:1.5em; padding-top:0.5em; padding-bottom:0.5em;">
                    <span class="error-message error-message-title">org.openqa.selenium.NoSuchElementException: no such element: Unable to locate element: {&quot;method&quot;:&quot;xpath&quot;,&quot;selector&quot;:&quot;//input[contains(@name,&#39;collectionTime&#39;)]&quot;}<br>  (Session info: chrome=110.0.5481.100)<br>For documentation on this error, please visit: https://www.seleniumhq.org/exceptions/no_such_element.html<br>Build info: version: &#39;3.141.59&#39;, revision: &#39;e82be7d358&#39;, time: &#39;2018-11-14T08:17:03&#39;<br>System info: host: &#39;fv-az578-222&#39;, ip: &#39;10.1.0.64&#39;, os.name: &#39;Linux&#39;, os.arch: &#39;amd64&#39;, os.version: &#39;5.15.0-1033-azure&#39;, java.version: &#39;1.8.0_362&#39;<br>Driver info: org.openqa.selenium.remote.RemoteWebDriver<br>Capabilities {acceptInsecureCerts: false, browserName: chrome, browserVersion: 110.0.5481.100, chrome: {chromedriverVersion: 110.0.5481.77 (65ed616c6e8e..., userDataDir: /tmp/.com.google.Chrome.K1zyj7}, goog:chromeOptions: {debuggerAddress: localhost:46277}, javascriptEnabled: true, networkConnectionEnabled: false, pageLoadStrategy: normal, platform: LINUX, platformName: LINUX, proxy: Proxy(), se:bidiEnabled: false, se:cdp: ws://172.18.0.2:4444/sessio..., se:cdpVersion: 110.0.5481.100, se:vnc: ws://172.18.0.2:4444/sessio..., se:vncEnabled: true, se:vncLocalAddress: ws://172.18.0.2:7900, setWindowRect: true, strictFileInteractability: false, timeouts: {implicit: 0, pageLoad: 300000, script: 30000}, unhandledPromptBehavior: dismiss and notify, webauthn:extension:credBlob: true, webauthn:extension:largeBlob: true, webauthn:virtualAuthenticators: true}<br>Session ID: 60cb24713c16c208a96c27ff6a71fa61<br>*** Element info: {Using=xpath, value=//input[contains(@name,&#39;collectionTime&#39;)]}<br>For documentation on this error, please visit: https://www.seleniumhq.org/exceptions/no_such_element.html<br>Build info: version: &#39;3.141.59&#39;, revision: &#39;e82be7d358&#39;, time: &#39;2018-11-14T08:17:03&#39;<br>System info: host: &#39;fv-az578-222&#39;, ip: &#39;10.1.0.64&#39;, os.name: &#39;Linux&#39;, os.arch: &#39;amd64&#39;, os.version: &#39;5.15.0-1033-azure&#39;, java.version: &#39;1.8.0_362&#39;<br>Driver info: driver.version: unknown</span>
                </div>
                <div class="col-sm-2">
                    <a class="btn btn-warning details-button" data-toggle="collapse" href="#stacktraceModal-9""
                       role="button" aria-expanded="false" aria-controls="multiCollapseExample1"><i class="far fa-eye"></i> More details</a>
                </div>
             </div>
        </div>
    <div>

    <!-- Details Section -->
    <div class="row stacktrace-details">
      <div class="col">
        <div class="collapse multi-collapse" id="stacktraceModal-9">
            <div class="card">
                <div class="card-header">
                    <h4>org.openqa.selenium.NoSuchElementException </h4>
                </div>
                <div class="card-body">
                    <div>
                        <pre>org.openelisglobal.qaframework.automation.page.Page.findElement(Page.java:188)<br />org.openelisglobal.qaframework.automation.page.Page.setText(Page.java:228)<br />org.openelisglobal.qaframework.automation.page.ModifyOrderPage.enterCollectionTime(ModifyOrderPage.java:201)<br />org.openelisglobal.qaframework.automation.ModifyOrderSteps.enterCollectionTimeOnModifyOrderPage(ModifyOrderSteps.java:683)<br />io.cucumber.java.Invoker.doInvoke(Invoker.java:66)<br />io.cucumber.java.Invoker.invoke(Invoker.java:24)<br />io.cucumber.java.AbstractGlueDefinition.invokeMethod(AbstractGlueDefinition.java:47)<br />io.cucumber.java.JavaStepDefinition.execute(JavaStepDefinition.java:29)<br />io.cucumber.core.runner.CoreStepDefinition.execute(CoreStepDefinition.java:66)<br />io.cucumber.core.runner.PickleStepDefinitionMatch.runStep(PickleStepDefinitionMatch.java:63)<br />io.cucumber.core.runner.TestStep.executeStep(TestStep.java:92)<br />io.cucumber.core.runner.TestStep.run(TestStep.java:64)<br />io.cucumber.core.runner.PickleStepTestStep.run(PickleStepTestStep.java:51)<br />io.cucumber.core.runner.TestCase.run(TestCase.java:104)<br />io.cucumber.core.runner.Runner.runPickle(Runner.java:73)<br />io.cucumber.junit.FeatureRunner.runChild(FeatureRunner.java:135)<br />io.cucumber.junit.FeatureRunner.runChild(FeatureRunner.java:27)<br />io.cucumber.junit.CucumberSerenityRunner.runChild(CucumberSerenityRunner.java:258)<br />io.cucumber.junit.CucumberSerenityRunner.runChild(CucumberSerenityRunner.java:57)<br /></pre>
                    </div>

                </div>
            </div>
        </div>
    </div>
                            </td>
                        </tr>
                    <tr class="test-SKIPPED">

                        <td width="70" class="step-icon">
                            <a name="1-3"></a>
                                <span style="margin-left: 40px;"
                                      class="nested-group-icon"><a href='##beforetable'><i class='fa fa-fast-forward skipped-icon ' title='SKIPPED'></i></a>
                                </span>
                        </td>

                        <td class="step-description-column">
                            <div class="step-description">
                                    <span class="nested-group-step">
                                                Then Collection Time Field  validates "Rejects time not existing on the  in 12/24 hour clock" the time format
                                        </span>
                                <span class="evidence">
                                </span>
                            </div>
                        </td>

                        <td width="130"><span class="nested-group-step">SKIPPED</span></td>
                        <td width="100"><span class="nested-group-step"></span></td>
                    </tr>

                                </table>
                            </td>
                        </tr>
                    <tr class="test-ERROR">

                        <td width="50" class="step-icon">
                            <a name="2"></a>
                                <a href="javaScript:void(0)" onClick="toggleDiv('stepSection2')"
                                   style="display:block">
                                    <i class="fa fa-plus-square-o imgstepSection2 error-icon"
                                       style="margin-left: 20px; float:left; padding-right:5px"></i>
                                </a>
                        </td>

                        <td class="step-description-column">
                            <div class="step-description">
                                <a href="javaScript:void(0)" onClick="toggleDiv('stepSection2')"
                                   style="display:block;">
                                    <span class="top-level-step">
                                                3: Collection Time ({labNo=20210000000003761, time=12:122, validation=Rejects extra digits})
                                        </span>
                                </a>
                                <span class="evidence">
                                </span>
                            </div>
                        </td>

                        <td width="130"><span class="top-level-step">ERROR</span></td>
                        <td width="100"><span class="top-level-step">56s 596ms</span></td>
                    </tr>
                        <tr>
                            <td colspan="5">
                                <table id="stepSection2" class="step-table-nested" style="display:none;">
                    <tr class="test-SUCCESS">

                        <td width="70" class="step-icon">
                            <a name="2-0"></a>
                                <span style="margin-left: 40px;"
                                      class="nested-group-icon"><a href='##beforetable'><i class='fa fa-check-circle-o success-icon ' title='SUCCESS'></i></a>
                                </span>
                        </td>

                        <td class="step-description-column">
                            <div class="step-description">
                                    <span class="nested-group-step">
                                                Given User Logs in to Home Page and goes to Modify Order Page
                                        </span>
                                <span class="evidence">
                                </span>
                            </div>
                        </td>

                        <td width="130"><span class="nested-group-step">SUCCESS</span></td>
                        <td width="100"><span class="nested-group-step">3s 188ms</span></td>
                    </tr>
                    <tr class="test-SUCCESS">

                        <td width="70" class="step-icon">
                            <a name="2-1"></a>
                                <span style="margin-left: 40px;"
                                      class="nested-group-icon"><a href='##beforetable'><i class='fa fa-check-circle-o success-icon ' title='SUCCESS'></i></a>
                                </span>
                        </td>

                        <td class="step-description-column">
                            <div class="step-description">
                                    <span class="nested-group-step">
                                                And User Search by lab number "20210000000003761" from previous testing steps on the Modify Oder Page
                                        </span>
                                <span class="evidence">
                                </span>
                            </div>
                        </td>

                        <td width="130"><span class="nested-group-step">SUCCESS</span></td>
                        <td width="100"><span class="nested-group-step">439ms</span></td>
                    </tr>
                    <tr class="test-ERROR">

                        <td width="70" class="step-icon">
                            <a name="2-2"></a>
                                <span style="margin-left: 40px;"
                                      class="nested-group-icon"><a href='##beforetable'><i class='fa fa-exclamation-triangle error-icon ' title='ERROR'></i></a>
                                </span>
                        </td>

                        <td class="step-description-column">
                            <div class="step-description">
                                    <span class="nested-group-step">
                                                When User Enters Collection Time "12:122" on the Modify Oder Page
                                        </span>
                                <span class="evidence">
                                </span>
                            </div>
                        </td>

                        <td width="130"><span class="nested-group-step">ERROR</span></td>
                        <td width="100"><span class="nested-group-step">52s 222ms</span></td>
                    </tr>
                        <tr class="test-ERROR">
                            <td width="40">&nbsp</td>
                            <td width="%" colspan="3" class="error-message-cell">


    <div style="display:block">
        <div class="table">
            <div class="row">
                <div class="col-sm-10" style="padding-left:1.5em; padding-top:0.5em; padding-bottom:0.5em;">
                    <span class="error-message error-message-title">org.openqa.selenium.NoSuchElementException: no such element: Unable to locate element: {&quot;method&quot;:&quot;xpath&quot;,&quot;selector&quot;:&quot;//input[contains(@name,&#39;collectionTime&#39;)]&quot;}<br>  (Session info: chrome=110.0.5481.100)<br>For documentation on this error, please visit: https://www.seleniumhq.org/exceptions/no_such_element.html<br>Build info: version: &#39;3.141.59&#39;, revision: &#39;e82be7d358&#39;, time: &#39;2018-11-14T08:17:03&#39;<br>System info: host: &#39;fv-az578-222&#39;, ip: &#39;10.1.0.64&#39;, os.name: &#39;Linux&#39;, os.arch: &#39;amd64&#39;, os.version: &#39;5.15.0-1033-azure&#39;, java.version: &#39;1.8.0_362&#39;<br>Driver info: org.openqa.selenium.remote.RemoteWebDriver<br>Capabilities {acceptInsecureCerts: false, browserName: chrome, browserVersion: 110.0.5481.100, chrome: {chromedriverVersion: 110.0.5481.77 (65ed616c6e8e..., userDataDir: /tmp/.com.google.Chrome.4mnlZv}, goog:chromeOptions: {debuggerAddress: localhost:45913}, javascriptEnabled: true, networkConnectionEnabled: false, pageLoadStrategy: normal, platform: LINUX, platformName: LINUX, proxy: Proxy(), se:bidiEnabled: false, se:cdp: ws://172.18.0.2:4444/sessio..., se:cdpVersion: 110.0.5481.100, se:vnc: ws://172.18.0.2:4444/sessio..., se:vncEnabled: true, se:vncLocalAddress: ws://172.18.0.2:7900, setWindowRect: true, strictFileInteractability: false, timeouts: {implicit: 0, pageLoad: 300000, script: 30000}, unhandledPromptBehavior: dismiss and notify, webauthn:extension:credBlob: true, webauthn:extension:largeBlob: true, webauthn:virtualAuthenticators: true}<br>Session ID: e4269f25dc843d5da8501dd7ffacfcbb<br>*** Element info: {Using=xpath, value=//input[contains(@name,&#39;collectionTime&#39;)]}<br>For documentation on this error, please visit: https://www.seleniumhq.org/exceptions/no_such_element.html<br>Build info: version: &#39;3.141.59&#39;, revision: &#39;e82be7d358&#39;, time: &#39;2018-11-14T08:17:03&#39;<br>System info: host: &#39;fv-az578-222&#39;, ip: &#39;10.1.0.64&#39;, os.name: &#39;Linux&#39;, os.arch: &#39;amd64&#39;, os.version: &#39;5.15.0-1033-azure&#39;, java.version: &#39;1.8.0_362&#39;<br>Driver info: driver.version: unknown</span>
                </div>
                <div class="col-sm-2">
                    <a class="btn btn-warning details-button" data-toggle="collapse" href="#stacktraceModal-14""
                       role="button" aria-expanded="false" aria-controls="multiCollapseExample1"><i class="far fa-eye"></i> More details</a>
                </div>
             </div>
        </div>
    <div>

    <!-- Details Section -->
    <div class="row stacktrace-details">
      <div class="col">
        <div class="collapse multi-collapse" id="stacktraceModal-14">
            <div class="card">
                <div class="card-header">
                    <h4>org.openqa.selenium.NoSuchElementException </h4>
                </div>
                <div class="card-body">
                    <div>
                        <pre>org.openelisglobal.qaframework.automation.page.Page.findElement(Page.java:188)<br />org.openelisglobal.qaframework.automation.page.Page.setText(Page.java:228)<br />org.openelisglobal.qaframework.automation.page.ModifyOrderPage.enterCollectionTime(ModifyOrderPage.java:201)<br />org.openelisglobal.qaframework.automation.ModifyOrderSteps.enterCollectionTimeOnModifyOrderPage(ModifyOrderSteps.java:683)<br />io.cucumber.java.Invoker.doInvoke(Invoker.java:66)<br />io.cucumber.java.Invoker.invoke(Invoker.java:24)<br />io.cucumber.java.AbstractGlueDefinition.invokeMethod(AbstractGlueDefinition.java:47)<br />io.cucumber.java.JavaStepDefinition.execute(JavaStepDefinition.java:29)<br />io.cucumber.core.runner.CoreStepDefinition.execute(CoreStepDefinition.java:66)<br />io.cucumber.core.runner.PickleStepDefinitionMatch.runStep(PickleStepDefinitionMatch.java:63)<br />io.cucumber.core.runner.TestStep.executeStep(TestStep.java:92)<br />io.cucumber.core.runner.TestStep.run(TestStep.java:64)<br />io.cucumber.core.runner.PickleStepTestStep.run(PickleStepTestStep.java:51)<br />io.cucumber.core.runner.TestCase.run(TestCase.java:104)<br />io.cucumber.core.runner.Runner.runPickle(Runner.java:73)<br />io.cucumber.junit.FeatureRunner.runChild(FeatureRunner.java:135)<br />io.cucumber.junit.FeatureRunner.runChild(FeatureRunner.java:27)<br />io.cucumber.junit.CucumberSerenityRunner.runChild(CucumberSerenityRunner.java:258)<br />io.cucumber.junit.CucumberSerenityRunner.runChild(CucumberSerenityRunner.java:57)<br /></pre>
                    </div>

                </div>
            </div>
        </div>
    </div>
                            </td>
                        </tr>
                    <tr class="test-SKIPPED">

                        <td width="70" class="step-icon">
                            <a name="2-3"></a>
                                <span style="margin-left: 40px;"
                                      class="nested-group-icon"><a href='##beforetable'><i class='fa fa-fast-forward skipped-icon ' title='SKIPPED'></i></a>
                                </span>
                        </td>

                        <td class="step-description-column">
                            <div class="step-description">
                                    <span class="nested-group-step">
                                                Then Collection Time Field  validates "Rejects extra digits" the time format
                                        </span>
                                <span class="evidence">
                                </span>
                            </div>
                        </td>

                        <td width="130"><span class="nested-group-step">SKIPPED</span></td>
                        <td width="100"><span class="nested-group-step">001ms</span></td>
                    </tr>

                                </table>
                            </td>
                        </tr>
                    <tr class="test-ERROR">

                        <td width="50" class="step-icon">
                            <a name="3"></a>
                                <a href="javaScript:void(0)" onClick="toggleDiv('stepSection3')"
                                   style="display:block">
                                    <i class="fa fa-plus-square-o imgstepSection3 error-icon"
                                       style="margin-left: 20px; float:left; padding-right:5px"></i>
                                </a>
                        </td>

                        <td class="step-description-column">
                            <div class="step-description">
                                <a href="javaScript:void(0)" onClick="toggleDiv('stepSection3')"
                                   style="display:block;">
                                    <span class="top-level-step">
                                                4: Collection Time ({labNo=20210000000003761, time=1111, validation=Auto-corrects HHMM format to HH:MM})
                                        </span>
                                </a>
                                <span class="evidence">
                                </span>
                            </div>
                        </td>

                        <td width="130"><span class="top-level-step">ERROR</span></td>
                        <td width="100"><span class="top-level-step">56s 227ms</span></td>
                    </tr>
                        <tr>
                            <td colspan="5">
                                <table id="stepSection3" class="step-table-nested" style="display:none;">
                    <tr class="test-SUCCESS">

                        <td width="70" class="step-icon">
                            <a name="3-0"></a>
                                <span style="margin-left: 40px;"
                                      class="nested-group-icon"><a href='##beforetable'><i class='fa fa-check-circle-o success-icon ' title='SUCCESS'></i></a>
                                </span>
                        </td>

                        <td class="step-description-column">
                            <div class="step-description">
                                    <span class="nested-group-step">
                                                Given User Logs in to Home Page and goes to Modify Order Page
                                        </span>
                                <span class="evidence">
                                </span>
                            </div>
                        </td>

                        <td width="130"><span class="nested-group-step">SUCCESS</span></td>
                        <td width="100"><span class="nested-group-step">2s 889ms</span></td>
                    </tr>
                    <tr class="test-SUCCESS">

                        <td width="70" class="step-icon">
                            <a name="3-1"></a>
                                <span style="margin-left: 40px;"
                                      class="nested-group-icon"><a href='##beforetable'><i class='fa fa-check-circle-o success-icon ' title='SUCCESS'></i></a>
                                </span>
                        </td>

                        <td class="step-description-column">
                            <div class="step-description">
                                    <span class="nested-group-step">
                                                And User Search by lab number "20210000000003761" from previous testing steps on the Modify Oder Page
                                        </span>
                                <span class="evidence">
                                </span>
                            </div>
                        </td>

                        <td width="130"><span class="nested-group-step">SUCCESS</span></td>
                        <td width="100"><span class="nested-group-step">471ms</span></td>
                    </tr>
                    <tr class="test-ERROR">

                        <td width="70" class="step-icon">
                            <a name="3-2"></a>
                                <span style="margin-left: 40px;"
                                      class="nested-group-icon"><a href='##beforetable'><i class='fa fa-exclamation-triangle error-icon ' title='ERROR'></i></a>
                                </span>
                        </td>

                        <td class="step-description-column">
                            <div class="step-description">
                                    <span class="nested-group-step">
                                                When User Enters Collection Time "1111" on the Modify Oder Page
                                        </span>
                                <span class="evidence">
                                </span>
                            </div>
                        </td>

                        <td width="130"><span class="nested-group-step">ERROR</span></td>
                        <td width="100"><span class="nested-group-step">52s 225ms</span></td>
                    </tr>
                        <tr class="test-ERROR">
                            <td width="40">&nbsp</td>
                            <td width="%" colspan="3" class="error-message-cell">


    <div style="display:block">
        <div class="table">
            <div class="row">
                <div class="col-sm-10" style="padding-left:1.5em; padding-top:0.5em; padding-bottom:0.5em;">
                    <span class="error-message error-message-title">org.openqa.selenium.NoSuchElementException: no such element: Unable to locate element: {&quot;method&quot;:&quot;xpath&quot;,&quot;selector&quot;:&quot;//input[contains(@name,&#39;collectionTime&#39;)]&quot;}<br>  (Session info: chrome=110.0.5481.100)<br>For documentation on this error, please visit: https://www.seleniumhq.org/exceptions/no_such_element.html<br>Build info: version: &#39;3.141.59&#39;, revision: &#39;e82be7d358&#39;, time: &#39;2018-11-14T08:17:03&#39;<br>System info: host: &#39;fv-az578-222&#39;, ip: &#39;10.1.0.64&#39;, os.name: &#39;Linux&#39;, os.arch: &#39;amd64&#39;, os.version: &#39;5.15.0-1033-azure&#39;, java.version: &#39;1.8.0_362&#39;<br>Driver info: org.openqa.selenium.remote.RemoteWebDriver<br>Capabilities {acceptInsecureCerts: false, browserName: chrome, browserVersion: 110.0.5481.100, chrome: {chromedriverVersion: 110.0.5481.77 (65ed616c6e8e..., userDataDir: /tmp/.com.google.Chrome.nHX2c2}, goog:chromeOptions: {debuggerAddress: localhost:34041}, javascriptEnabled: true, networkConnectionEnabled: false, pageLoadStrategy: normal, platform: LINUX, platformName: LINUX, proxy: Proxy(), se:bidiEnabled: false, se:cdp: ws://172.18.0.2:4444/sessio..., se:cdpVersion: 110.0.5481.100, se:vnc: ws://172.18.0.2:4444/sessio..., se:vncEnabled: true, se:vncLocalAddress: ws://172.18.0.2:7900, setWindowRect: true, strictFileInteractability: false, timeouts: {implicit: 0, pageLoad: 300000, script: 30000}, unhandledPromptBehavior: dismiss and notify, webauthn:extension:credBlob: true, webauthn:extension:largeBlob: true, webauthn:virtualAuthenticators: true}<br>Session ID: 26f5743a59886459dd4a3f0cef2626c9<br>*** Element info: {Using=xpath, value=//input[contains(@name,&#39;collectionTime&#39;)]}<br>For documentation on this error, please visit: https://www.seleniumhq.org/exceptions/no_such_element.html<br>Build info: version: &#39;3.141.59&#39;, revision: &#39;e82be7d358&#39;, time: &#39;2018-11-14T08:17:03&#39;<br>System info: host: &#39;fv-az578-222&#39;, ip: &#39;10.1.0.64&#39;, os.name: &#39;Linux&#39;, os.arch: &#39;amd64&#39;, os.version: &#39;5.15.0-1033-azure&#39;, java.version: &#39;1.8.0_362&#39;<br>Driver info: driver.version: unknown</span>
                </div>
                <div class="col-sm-2">
                    <a class="btn btn-warning details-button" data-toggle="collapse" href="#stacktraceModal-19""
                       role="button" aria-expanded="false" aria-controls="multiCollapseExample1"><i class="far fa-eye"></i> More details</a>
                </div>
             </div>
        </div>
    <div>

    <!-- Details Section -->
    <div class="row stacktrace-details">
      <div class="col">
        <div class="collapse multi-collapse" id="stacktraceModal-19">
            <div class="card">
                <div class="card-header">
                    <h4>org.openqa.selenium.NoSuchElementException </h4>
                </div>
                <div class="card-body">
                    <div>
                        <pre>org.openelisglobal.qaframework.automation.page.Page.findElement(Page.java:188)<br />org.openelisglobal.qaframework.automation.page.Page.setText(Page.java:228)<br />org.openelisglobal.qaframework.automation.page.ModifyOrderPage.enterCollectionTime(ModifyOrderPage.java:201)<br />org.openelisglobal.qaframework.automation.ModifyOrderSteps.enterCollectionTimeOnModifyOrderPage(ModifyOrderSteps.java:683)<br />io.cucumber.java.Invoker.doInvoke(Invoker.java:66)<br />io.cucumber.java.Invoker.invoke(Invoker.java:24)<br />io.cucumber.java.AbstractGlueDefinition.invokeMethod(AbstractGlueDefinition.java:47)<br />io.cucumber.java.JavaStepDefinition.execute(JavaStepDefinition.java:29)<br />io.cucumber.core.runner.CoreStepDefinition.execute(CoreStepDefinition.java:66)<br />io.cucumber.core.runner.PickleStepDefinitionMatch.runStep(PickleStepDefinitionMatch.java:63)<br />io.cucumber.core.runner.TestStep.executeStep(TestStep.java:92)<br />io.cucumber.core.runner.TestStep.run(TestStep.java:64)<br />io.cucumber.core.runner.PickleStepTestStep.run(PickleStepTestStep.java:51)<br />io.cucumber.core.runner.TestCase.run(TestCase.java:104)<br />io.cucumber.core.runner.Runner.runPickle(Runner.java:73)<br />io.cucumber.junit.FeatureRunner.runChild(FeatureRunner.java:135)<br />io.cucumber.junit.FeatureRunner.runChild(FeatureRunner.java:27)<br />io.cucumber.junit.CucumberSerenityRunner.runChild(CucumberSerenityRunner.java:258)<br />io.cucumber.junit.CucumberSerenityRunner.runChild(CucumberSerenityRunner.java:57)<br /></pre>
                    </div>

                </div>
            </div>
        </div>
    </div>
                            </td>
                        </tr>
                    <tr class="test-SKIPPED">

                        <td width="70" class="step-icon">
                            <a name="3-3"></a>
                                <span style="margin-left: 40px;"
                                      class="nested-group-icon"><a href='##beforetable'><i class='fa fa-fast-forward skipped-icon ' title='SKIPPED'></i></a>
                                </span>
                        </td>

                        <td class="step-description-column">
                            <div class="step-description">
                                    <span class="nested-group-step">
                                                Then Collection Time Field  validates "Auto-corrects HHMM format to HH:MM" the time format
                                        </span>
                                <span class="evidence">
                                </span>
                            </div>
                        </td>

                        <td width="130"><span class="nested-group-step">SKIPPED</span></td>
                        <td width="100"><span class="nested-group-step"></span></td>
                    </tr>

                                </table>
                            </td>
                        </tr>
                    <tr class="test-ERROR">

                        <td width="50" class="step-icon">
                            <a name="4"></a>
                                <a href="javaScript:void(0)" onClick="toggleDiv('stepSection4')"
                                   style="display:block">
                                    <i class="fa fa-plus-square-o imgstepSection4 error-icon"
                                       style="margin-left: 20px; float:left; padding-right:5px"></i>
                                </a>
                        </td>

                        <td class="step-description-column">
                            <div class="step-description">
                                <a href="javaScript:void(0)" onClick="toggleDiv('stepSection4')"
                                   style="display:block;">
                                    <span class="top-level-step">
                                                5: Collection Time ({labNo=20210000000003761, time=10:10, validation=Accepts correct Format in HH:MM})
                                        </span>
                                </a>
                                <span class="evidence">
                                </span>
                            </div>
                        </td>

                        <td width="130"><span class="top-level-step">ERROR</span></td>
                        <td width="100"><span class="top-level-step">56s 353ms</span></td>
                    </tr>
                        <tr>
                            <td colspan="5">
                                <table id="stepSection4" class="step-table-nested" style="display:none;">
                    <tr class="test-SUCCESS">

                        <td width="70" class="step-icon">
                            <a name="4-0"></a>
                                <span style="margin-left: 40px;"
                                      class="nested-group-icon"><a href='##beforetable'><i class='fa fa-check-circle-o success-icon ' title='SUCCESS'></i></a>
                                </span>
                        </td>

                        <td class="step-description-column">
                            <div class="step-description">
                                    <span class="nested-group-step">
                                                Given User Logs in to Home Page and goes to Modify Order Page
                                        </span>
                                <span class="evidence">
                                </span>
                            </div>
                        </td>

                        <td width="130"><span class="nested-group-step">SUCCESS</span></td>
                        <td width="100"><span class="nested-group-step">3s 015ms</span></td>
                    </tr>
                    <tr class="test-SUCCESS">

                        <td width="70" class="step-icon">
                            <a name="4-1"></a>
                                <span style="margin-left: 40px;"
                                      class="nested-group-icon"><a href='##beforetable'><i class='fa fa-check-circle-o success-icon ' title='SUCCESS'></i></a>
                                </span>
                        </td>

                        <td class="step-description-column">
                            <div class="step-description">
                                    <span class="nested-group-step">
                                                And User Search by lab number "20210000000003761" from previous testing steps on the Modify Oder Page
                                        </span>
                                <span class="evidence">
                                </span>
                            </div>
                        </td>

                        <td width="130"><span class="nested-group-step">SUCCESS</span></td>
                        <td width="100"><span class="nested-group-step">464ms</span></td>
                    </tr>
                    <tr class="test-ERROR">

                        <td width="70" class="step-icon">
                            <a name="4-2"></a>
                                <span style="margin-left: 40px;"
                                      class="nested-group-icon"><a href='##beforetable'><i class='fa fa-exclamation-triangle error-icon ' title='ERROR'></i></a>
                                </span>
                        </td>

                        <td class="step-description-column">
                            <div class="step-description">
                                    <span class="nested-group-step">
                                                When User Enters Collection Time "10:10" on the Modify Oder Page
                                        </span>
                                <span class="evidence">
                                </span>
                            </div>
                        </td>

                        <td width="130"><span class="nested-group-step">ERROR</span></td>
                        <td width="100"><span class="nested-group-step">52s 217ms</span></td>
                    </tr>
                        <tr class="test-ERROR">
                            <td width="40">&nbsp</td>
                            <td width="%" colspan="3" class="error-message-cell">


    <div style="display:block">
        <div class="table">
            <div class="row">
                <div class="col-sm-10" style="padding-left:1.5em; padding-top:0.5em; padding-bottom:0.5em;">
                    <span class="error-message error-message-title">org.openqa.selenium.NoSuchElementException: no such element: Unable to locate element: {&quot;method&quot;:&quot;xpath&quot;,&quot;selector&quot;:&quot;//input[contains(@name,&#39;collectionTime&#39;)]&quot;}<br>  (Session info: chrome=110.0.5481.100)<br>For documentation on this error, please visit: https://www.seleniumhq.org/exceptions/no_such_element.html<br>Build info: version: &#39;3.141.59&#39;, revision: &#39;e82be7d358&#39;, time: &#39;2018-11-14T08:17:03&#39;<br>System info: host: &#39;fv-az578-222&#39;, ip: &#39;10.1.0.64&#39;, os.name: &#39;Linux&#39;, os.arch: &#39;amd64&#39;, os.version: &#39;5.15.0-1033-azure&#39;, java.version: &#39;1.8.0_362&#39;<br>Driver info: org.openqa.selenium.remote.RemoteWebDriver<br>Capabilities {acceptInsecureCerts: false, browserName: chrome, browserVersion: 110.0.5481.100, chrome: {chromedriverVersion: 110.0.5481.77 (65ed616c6e8e..., userDataDir: /tmp/.com.google.Chrome.0A6YQI}, goog:chromeOptions: {debuggerAddress: localhost:38727}, javascriptEnabled: true, networkConnectionEnabled: false, pageLoadStrategy: normal, platform: LINUX, platformName: LINUX, proxy: Proxy(), se:bidiEnabled: false, se:cdp: ws://172.18.0.2:4444/sessio..., se:cdpVersion: 110.0.5481.100, se:vnc: ws://172.18.0.2:4444/sessio..., se:vncEnabled: true, se:vncLocalAddress: ws://172.18.0.2:7900, setWindowRect: true, strictFileInteractability: false, timeouts: {implicit: 0, pageLoad: 300000, script: 30000}, unhandledPromptBehavior: dismiss and notify, webauthn:extension:credBlob: true, webauthn:extension:largeBlob: true, webauthn:virtualAuthenticators: true}<br>Session ID: d18c256ed8965dfc7abfddb9888f058d<br>*** Element info: {Using=xpath, value=//input[contains(@name,&#39;collectionTime&#39;)]}<br>For documentation on this error, please visit: https://www.seleniumhq.org/exceptions/no_such_element.html<br>Build info: version: &#39;3.141.59&#39;, revision: &#39;e82be7d358&#39;, time: &#39;2018-11-14T08:17:03&#39;<br>System info: host: &#39;fv-az578-222&#39;, ip: &#39;10.1.0.64&#39;, os.name: &#39;Linux&#39;, os.arch: &#39;amd64&#39;, os.version: &#39;5.15.0-1033-azure&#39;, java.version: &#39;1.8.0_362&#39;<br>Driver info: driver.version: unknown</span>
                </div>
                <div class="col-sm-2">
                    <a class="btn btn-warning details-button" data-toggle="collapse" href="#stacktraceModal-24""
                       role="button" aria-expanded="false" aria-controls="multiCollapseExample1"><i class="far fa-eye"></i> More details</a>
                </div>
             </div>
        </div>
    <div>

    <!-- Details Section -->
    <div class="row stacktrace-details">
      <div class="col">
        <div class="collapse multi-collapse" id="stacktraceModal-24">
            <div class="card">
                <div class="card-header">
                    <h4>org.openqa.selenium.NoSuchElementException </h4>
                </div>
                <div class="card-body">
                    <div>
                        <pre>org.openelisglobal.qaframework.automation.page.Page.findElement(Page.java:188)<br />org.openelisglobal.qaframework.automation.page.Page.setText(Page.java:228)<br />org.openelisglobal.qaframework.automation.page.ModifyOrderPage.enterCollectionTime(ModifyOrderPage.java:201)<br />org.openelisglobal.qaframework.automation.ModifyOrderSteps.enterCollectionTimeOnModifyOrderPage(ModifyOrderSteps.java:683)<br />io.cucumber.java.Invoker.doInvoke(Invoker.java:66)<br />io.cucumber.java.Invoker.invoke(Invoker.java:24)<br />io.cucumber.java.AbstractGlueDefinition.invokeMethod(AbstractGlueDefinition.java:47)<br />io.cucumber.java.JavaStepDefinition.execute(JavaStepDefinition.java:29)<br />io.cucumber.core.runner.CoreStepDefinition.execute(CoreStepDefinition.java:66)<br />io.cucumber.core.runner.PickleStepDefinitionMatch.runStep(PickleStepDefinitionMatch.java:63)<br />io.cucumber.core.runner.TestStep.executeStep(TestStep.java:92)<br />io.cucumber.core.runner.TestStep.run(TestStep.java:64)<br />io.cucumber.core.runner.PickleStepTestStep.run(PickleStepTestStep.java:51)<br />io.cucumber.core.runner.TestCase.run(TestCase.java:104)<br />io.cucumber.core.runner.Runner.runPickle(Runner.java:73)<br />io.cucumber.junit.FeatureRunner.runChild(FeatureRunner.java:135)<br />io.cucumber.junit.FeatureRunner.runChild(FeatureRunner.java:27)<br />io.cucumber.junit.CucumberSerenityRunner.runChild(CucumberSerenityRunner.java:258)<br />io.cucumber.junit.CucumberSerenityRunner.runChild(CucumberSerenityRunner.java:57)<br /></pre>
                    </div>

                </div>
            </div>
        </div>
    </div>
                            </td>
                        </tr>
                    <tr class="test-SKIPPED">

                        <td width="70" class="step-icon">
                            <a name="4-3"></a>
                                <span style="margin-left: 40px;"
                                      class="nested-group-icon"><a href='##beforetable'><i class='fa fa-fast-forward skipped-icon ' title='SKIPPED'></i></a>
                                </span>
                        </td>

                        <td class="step-description-column">
                            <div class="step-description">
                                    <span class="nested-group-step">
                                                Then Collection Time Field  validates "Accepts correct Format in HH:MM" the time format
                                        </span>
                                <span class="evidence">
                                </span>
                            </div>
                        </td>

                        <td width="130"><span class="nested-group-step">SKIPPED</span></td>
                        <td width="100"><span class="nested-group-step">001ms</span></td>
                    </tr>

                                </table>
                            </td>
                        </tr>
                <tr class="test-ERROR">
                        <td colspan="2"></td>
                    <td width="130"><span class="top-level-step"><em>ERROR</em></span></td>
                    <td width="100"><span class="top-level-step"><em>281.91s</em></span></td>
                </tr>

            </table>
        </div>
    </div>

    <div id="beforefooter"></div>


    <div class="container-fluid">
        <div class="row">
            <div class="col-sm-12">
                <span class="version">Serenity BDD version 2.5.7</span>
            </div>
        </div>
    </div>

    <script type="text/javascript">
        function toggleDiv(divId) {
            $("#" + divId).toggle();
            var imgsrc = $(".img" + divId).attr('src');
            if (imgsrc == 'images/plus.png') {
                $(".img" + divId).attr("src", function () {
                    return "images/minus.png";
                });

            } else {
                $(".img" + divId).attr("src", function () {
                    return "images/plus.png";
                });
            }
        }
    </script>


    <script type="text/javascript">
        //<![CDATA[

        $(document).ready(function () {
            $('img.screenshot').imgPreview({
                imgCSS: {
                    width: '500px'
                },
                distanceFromCursor: {top: 10, left: -200}
            });
        });

        //]]>
    </script>
    <div id="imgPreviewContainer" style="position: absolute; top: 612px; left: 355px; display: none; " class=""><img
                src="" style="display: none; "></div>
    <div id="imgPreviewContainer2" style="position: absolute; top: 925px; left: 320px; display: none; " class="">
        <img style="width: 200px; display: none; " src=""></div>
    <div id="imgPreviewWithStyles" style="position: absolute; top: 1272px; left: 321px; display: none; " class="">
        <img style="height: 200px; opacity: 1; display: none; " src=""></div>
    <div id="imgPreviewWithStyles2" style="display: none; position: absolute; "><img style="height: 200px; "></div>
    <div id="imgPreviewWithStyles3" style="display: none; position: absolute; "><img style="height: 200px; "></div>

</div>
</body>
</html>
