{"name":"Verify Added new testName","id":"test-management-feature;verify-added-new-testname","testSteps":[{"number":1,"description":"1: Verify Added new testName ({sampleType\u003dSerum, TestName\u003dgastric fluid analysis})","duration":18877,"startTime":"2023-06-26T18:41:24.031Z[Etc/UTC]","exception":{"errorType":"org.openqa.selenium.NoSuchElementException","message":"no such element: Unable to locate element: {\"method\":\"xpath\",\"selector\":\"//*[@id\u003d\"addTables\"]/tbody/tr[2]/td[2]/span/span[1]/span/ul/li/input\"}\n  (Session info: chrome\u003d114.0.5735.133)\nFor documentation on this error, please visit: https://www.seleniumhq.org/exceptions/no_such_element.html\nBuild info: version: \u00273.141.59\u0027, revision: \u0027e82be7d358\u0027, time: \u00272018-11-14T08:17:03\u0027\nSystem info: host: \u0027fv-az592-477\u0027, ip: \u002710.1.1.27\u0027, os.name: \u0027Linux\u0027, os.arch: \u0027amd64\u0027, os.version: \u00275.15.0-1040-azure\u0027, java.version: \u00271.8.0_372\u0027\nDriver info: org.openqa.selenium.remote.RemoteWebDriver\nCapabilities {acceptInsecureCerts: false, browserName: chrome, browserVersion: 114.0.5735.133, chrome: {chromedriverVersion: 114.0.5735.90 (386bc09e8f4f..., userDataDir: /tmp/.com.google.Chrome.bxogMa}, goog:chromeOptions: {debuggerAddress: localhost:44455}, javascriptEnabled: true, networkConnectionEnabled: false, pageLoadStrategy: normal, platform: LINUX, platformName: LINUX, proxy: Proxy(), se:bidiEnabled: false, se:cdp: ws://172.18.0.2:4444/sessio..., se:cdpVersion: 114.0.5735.133, se:vnc: ws://172.18.0.2:4444/sessio..., se:vncEnabled: true, se:vncLocalAddress: ws://172.18.0.2:7900, setWindowRect: true, strictFileInteractability: false, timeouts: {implicit: 0, pageLoad: 300000, script: 30000}, unhandledPromptBehavior: dismiss and notify, webauthn:extension:credBlob: true, webauthn:extension:largeBlob: true, webauthn:extension:minPinLength: true, webauthn:extension:prf: true, webauthn:virtualAuthenticators: true}\nSession ID: 3311989b1453e507757502da28b66546\n*** Element info: {Using\u003dxpath, value\u003d//*[@id\u003d\"addTables\"]/tbody/tr[2]/td[2]/span/span[1]/span/ul/li/input}\nFor documentation on this error, please visit: https://www.seleniumhq.org/exceptions/no_such_element.html\nBuild info: version: \u00273.141.59\u0027, revision: \u0027e82be7d358\u0027, time: \u00272018-11-14T08:17:03\u0027\nSystem info: host: \u0027fv-az592-477\u0027, ip: \u002710.1.1.27\u0027, os.name: \u0027Linux\u0027, os.arch: \u0027amd64\u0027, os.version: \u00275.15.0-1040-azure\u0027, java.version: \u00271.8.0_372\u0027\nDriver info: driver.version: unknown","stackTrace":[{"declaringClass":"org.openelisglobal.qaframework.automation.page.Page","methodName":"findElement","fileName":"Page.java","lineNumber":188},{"declaringClass":"org.openelisglobal.qaframework.automation.page.Page","methodName":"setText","fileName":"Page.java","lineNumber":228},{"declaringClass":"org.openelisglobal.qaframework.automation.page.AddOrderPage","methodName":"enterSearchTestName","fileName":"AddOrderPage.java","lineNumber":1099},{"declaringClass":"org.openelisglobal.qaframework.automation.TestManagementSteps","methodName":"userSearchesTestNameFromTheAvailableTests","fileName":"TestManagementSteps.java","lineNumber":325},{"declaringClass":"io.cucumber.java.Invoker","methodName":"doInvoke","fileName":"Invoker.java","lineNumber":66},{"declaringClass":"io.cucumber.java.Invoker","methodName":"invoke","fileName":"Invoker.java","lineNumber":24},{"declaringClass":"io.cucumber.java.AbstractGlueDefinition","methodName":"invokeMethod","fileName":"AbstractGlueDefinition.java","lineNumber":47},{"declaringClass":"io.cucumber.java.JavaStepDefinition","methodName":"execute","fileName":"JavaStepDefinition.java","lineNumber":29},{"declaringClass":"io.cucumber.core.runner.CoreStepDefinition","methodName":"execute","fileName":"CoreStepDefinition.java","lineNumber":66},{"declaringClass":"io.cucumber.core.runner.PickleStepDefinitionMatch","methodName":"runStep","fileName":"PickleStepDefinitionMatch.java","lineNumber":63},{"declaringClass":"io.cucumber.core.runner.TestStep","methodName":"executeStep","fileName":"TestStep.java","lineNumber":92},{"declaringClass":"io.cucumber.core.runner.TestStep","methodName":"run","fileName":"TestStep.java","lineNumber":64},{"declaringClass":"io.cucumber.core.runner.PickleStepTestStep","methodName":"run","fileName":"PickleStepTestStep.java","lineNumber":51},{"declaringClass":"io.cucumber.core.runner.TestCase","methodName":"run","fileName":"TestCase.java","lineNumber":104},{"declaringClass":"io.cucumber.core.runner.Runner","methodName":"runPickle","fileName":"Runner.java","lineNumber":73},{"declaringClass":"io.cucumber.junit.FeatureRunner","methodName":"runChild","fileName":"FeatureRunner.java","lineNumber":135},{"declaringClass":"io.cucumber.junit.FeatureRunner","methodName":"runChild","fileName":"FeatureRunner.java","lineNumber":27},{"declaringClass":"io.cucumber.junit.CucumberSerenityRunner","methodName":"runChild","fileName":"CucumberSerenityRunner.java","lineNumber":258},{"declaringClass":"io.cucumber.junit.CucumberSerenityRunner","methodName":"runChild","fileName":"CucumberSerenityRunner.java","lineNumber":57}]},"result":"ERROR","precondition":false,"level":0,"lineNumber":119,"children":[{"number":2,"description":"Given User logins and Visits Home Page","duration":5993,"startTime":"2023-06-26T18:41:24.560Z[Etc/UTC]","result":"SUCCESS","precondition":false,"level":1},{"number":3,"description":"Given User Clicks on the Order menu tab and select Add order","duration":1765,"startTime":"2023-06-26T18:41:30.553Z[Etc/UTC]","result":"SUCCESS","precondition":false,"level":1},{"number":4,"description":"Then User selects sample type \"Serum\" from the drop down","duration":436,"startTime":"2023-06-26T18:41:32.319Z[Etc/UTC]","result":"SUCCESS","precondition":false,"level":1},{"number":5,"description":"And User Searches TestName \"gastric fluid analysis\" from the available Tests","duration":10065,"startTime":"2023-06-26T18:41:32.755Z[Etc/UTC]","exception":{"errorType":"org.openqa.selenium.NoSuchElementException","message":"no such element: Unable to locate element: {\"method\":\"xpath\",\"selector\":\"//*[@id\u003d\"addTables\"]/tbody/tr[2]/td[2]/span/span[1]/span/ul/li/input\"}\n  (Session info: chrome\u003d114.0.5735.133)\nFor documentation on this error, please visit: https://www.seleniumhq.org/exceptions/no_such_element.html\nBuild info: version: \u00273.141.59\u0027, revision: \u0027e82be7d358\u0027, time: \u00272018-11-14T08:17:03\u0027\nSystem info: host: \u0027fv-az592-477\u0027, ip: \u002710.1.1.27\u0027, os.name: \u0027Linux\u0027, os.arch: \u0027amd64\u0027, os.version: \u00275.15.0-1040-azure\u0027, java.version: \u00271.8.0_372\u0027\nDriver info: org.openqa.selenium.remote.RemoteWebDriver\nCapabilities {acceptInsecureCerts: false, browserName: chrome, browserVersion: 114.0.5735.133, chrome: {chromedriverVersion: 114.0.5735.90 (386bc09e8f4f..., userDataDir: /tmp/.com.google.Chrome.bxogMa}, goog:chromeOptions: {debuggerAddress: localhost:44455}, javascriptEnabled: true, networkConnectionEnabled: false, pageLoadStrategy: normal, platform: LINUX, platformName: LINUX, proxy: Proxy(), se:bidiEnabled: false, se:cdp: ws://172.18.0.2:4444/sessio..., se:cdpVersion: 114.0.5735.133, se:vnc: ws://172.18.0.2:4444/sessio..., se:vncEnabled: true, se:vncLocalAddress: ws://172.18.0.2:7900, setWindowRect: true, strictFileInteractability: false, timeouts: {implicit: 0, pageLoad: 300000, script: 30000}, unhandledPromptBehavior: dismiss and notify, webauthn:extension:credBlob: true, webauthn:extension:largeBlob: true, webauthn:extension:minPinLength: true, webauthn:extension:prf: true, webauthn:virtualAuthenticators: true}\nSession ID: 3311989b1453e507757502da28b66546\n*** Element info: {Using\u003dxpath, value\u003d//*[@id\u003d\"addTables\"]/tbody/tr[2]/td[2]/span/span[1]/span/ul/li/input}\nFor documentation on this error, please visit: https://www.seleniumhq.org/exceptions/no_such_element.html\nBuild info: version: \u00273.141.59\u0027, revision: \u0027e82be7d358\u0027, time: \u00272018-11-14T08:17:03\u0027\nSystem info: host: \u0027fv-az592-477\u0027, ip: \u002710.1.1.27\u0027, os.name: \u0027Linux\u0027, os.arch: \u0027amd64\u0027, os.version: \u00275.15.0-1040-azure\u0027, java.version: \u00271.8.0_372\u0027\nDriver info: driver.version: unknown","stackTrace":[{"declaringClass":"org.openelisglobal.qaframework.automation.page.Page","methodName":"findElement","fileName":"Page.java","lineNumber":188},{"declaringClass":"org.openelisglobal.qaframework.automation.page.Page","methodName":"setText","fileName":"Page.java","lineNumber":228},{"declaringClass":"org.openelisglobal.qaframework.automation.page.AddOrderPage","methodName":"enterSearchTestName","fileName":"AddOrderPage.java","lineNumber":1099},{"declaringClass":"org.openelisglobal.qaframework.automation.TestManagementSteps","methodName":"userSearchesTestNameFromTheAvailableTests","fileName":"TestManagementSteps.java","lineNumber":325},{"declaringClass":"io.cucumber.java.Invoker","methodName":"doInvoke","fileName":"Invoker.java","lineNumber":66},{"declaringClass":"io.cucumber.java.Invoker","methodName":"invoke","fileName":"Invoker.java","lineNumber":24},{"declaringClass":"io.cucumber.java.AbstractGlueDefinition","methodName":"invokeMethod","fileName":"AbstractGlueDefinition.java","lineNumber":47},{"declaringClass":"io.cucumber.java.JavaStepDefinition","methodName":"execute","fileName":"JavaStepDefinition.java","lineNumber":29},{"declaringClass":"io.cucumber.core.runner.CoreStepDefinition","methodName":"execute","fileName":"CoreStepDefinition.java","lineNumber":66},{"declaringClass":"io.cucumber.core.runner.PickleStepDefinitionMatch","methodName":"runStep","fileName":"PickleStepDefinitionMatch.java","lineNumber":63},{"declaringClass":"io.cucumber.core.runner.TestStep","methodName":"executeStep","fileName":"TestStep.java","lineNumber":92},{"declaringClass":"io.cucumber.core.runner.TestStep","methodName":"run","fileName":"TestStep.java","lineNumber":64},{"declaringClass":"io.cucumber.core.runner.PickleStepTestStep","methodName":"run","fileName":"PickleStepTestStep.java","lineNumber":51},{"declaringClass":"io.cucumber.core.runner.TestCase","methodName":"run","fileName":"TestCase.java","lineNumber":104},{"declaringClass":"io.cucumber.core.runner.Runner","methodName":"runPickle","fileName":"Runner.java","lineNumber":73},{"declaringClass":"io.cucumber.junit.FeatureRunner","methodName":"runChild","fileName":"FeatureRunner.java","lineNumber":135},{"declaringClass":"io.cucumber.junit.FeatureRunner","methodName":"runChild","fileName":"FeatureRunner.java","lineNumber":27},{"declaringClass":"io.cucumber.junit.CucumberSerenityRunner","methodName":"runChild","fileName":"CucumberSerenityRunner.java","lineNumber":258},{"declaringClass":"io.cucumber.junit.CucumberSerenityRunner","methodName":"runChild","fileName":"CucumberSerenityRunner.java","lineNumber":57}]},"result":"ERROR","precondition":false,"level":1}]},{"number":6,"description":"2: Verify Added new testName ({sampleType\u003dUrines, TestName\u003dgastric fluid analysis})","duration":11438,"startTime":"2023-06-26T18:41:42.940Z[Etc/UTC]","exception":{"errorType":"java.lang.AssertionError","stackTrace":[{"declaringClass":"org.openelisglobal.qaframework.automation.TestManagementSteps","methodName":"userSearchesTestNameFromTheAvailableTests","fileName":"TestManagementSteps.java","lineNumber":327},{"declaringClass":"✽","methodName":"User Searches TestName \"gastric fluid analysis\" from the available Tests","fileName":"file:///home/runner/work/openelis-qaframework/openelis-qaframework/src/features/openelis/testManagement.feature","lineNumber":116}]},"result":"FAILURE","precondition":false,"level":0,"lineNumber":120,"children":[{"number":7,"description":"Given User logins and Visits Home Page","duration":6005,"startTime":"2023-06-26T18:41:43.416Z[Etc/UTC]","result":"SUCCESS","precondition":false,"level":1},{"number":8,"description":"Given User Clicks on the Order menu tab and select Add order","duration":1983,"startTime":"2023-06-26T18:41:49.421Z[Etc/UTC]","result":"SUCCESS","precondition":false,"level":1},{"number":9,"description":"Then User selects sample type \"Urines\" from the drop down","duration":415,"startTime":"2023-06-26T18:41:51.404Z[Etc/UTC]","result":"SUCCESS","precondition":false,"level":1},{"number":10,"description":"And User Searches TestName \"gastric fluid analysis\" from the available Tests","duration":2439,"startTime":"2023-06-26T18:41:51.819Z[Etc/UTC]","exception":{"errorType":"java.lang.AssertionError","stackTrace":[{"declaringClass":"org.openelisglobal.qaframework.automation.TestManagementSteps","methodName":"userSearchesTestNameFromTheAvailableTests","fileName":"TestManagementSteps.java","lineNumber":327},{"declaringClass":"✽","methodName":"User Searches TestName \"gastric fluid analysis\" from the available Tests","fileName":"file:///home/runner/work/openelis-qaframework/openelis-qaframework/src/features/openelis/testManagement.feature","lineNumber":116}]},"result":"FAILURE","precondition":false,"level":1}]}],"userStory":{"id":"test-management-feature","storyName":"Test Management Feature","path":"openelis/testManagement.feature","type":"feature"},"featureTag":{"name":"Openelis/Test Management Feature","type":"feature","displayName":"Openelis/Test Management Feature"},"title":"Verify Added new testName","description":"","backgroundTitle":"","backgroundDescription":"","tags":[{"name":"addNewTestName","type":"tag","displayName":"addNewTestName"},{"name":"testManagement","type":"tag","displayName":"testManagement"}],"startTime":"2023-06-26T18:41:24.030Z[Etc/UTC]","duration":30349,"testFailureCause":{"errorType":"org.openqa.selenium.NoSuchElementException","message":"no such element: Unable to locate element: {\"method\":\"xpath\",\"selector\":\"//*[@id\u003d\"addTables\"]/tbody/tr[2]/td[2]/span/span[1]/span/ul/li/input\"}\n  (Session info: chrome\u003d114.0.5735.133)\nFor documentation on this error, please visit: https://www.seleniumhq.org/exceptions/no_such_element.html\nBuild info: version: \u00273.141.59\u0027, revision: \u0027e82be7d358\u0027, time: \u00272018-11-14T08:17:03\u0027\nSystem info: host: \u0027fv-az592-477\u0027, ip: \u002710.1.1.27\u0027, os.name: \u0027Linux\u0027, os.arch: \u0027amd64\u0027, os.version: \u00275.15.0-1040-azure\u0027, java.version: \u00271.8.0_372\u0027\nDriver info: org.openqa.selenium.remote.RemoteWebDriver\nCapabilities {acceptInsecureCerts: false, browserName: chrome, browserVersion: 114.0.5735.133, chrome: {chromedriverVersion: 114.0.5735.90 (386bc09e8f4f..., userDataDir: /tmp/.com.google.Chrome.bxogMa}, goog:chromeOptions: {debuggerAddress: localhost:44455}, javascriptEnabled: true, networkConnectionEnabled: false, pageLoadStrategy: normal, platform: LINUX, platformName: LINUX, proxy: Proxy(), se:bidiEnabled: false, se:cdp: ws://172.18.0.2:4444/sessio..., se:cdpVersion: 114.0.5735.133, se:vnc: ws://172.18.0.2:4444/sessio..., se:vncEnabled: true, se:vncLocalAddress: ws://172.18.0.2:7900, setWindowRect: true, strictFileInteractability: false, timeouts: {implicit: 0, pageLoad: 300000, script: 30000}, unhandledPromptBehavior: dismiss and notify, webauthn:extension:credBlob: true, webauthn:extension:largeBlob: true, webauthn:extension:minPinLength: true, webauthn:extension:prf: true, webauthn:virtualAuthenticators: true}\nSession ID: 3311989b1453e507757502da28b66546\n*** Element info: {Using\u003dxpath, value\u003d//*[@id\u003d\"addTables\"]/tbody/tr[2]/td[2]/span/span[1]/span/ul/li/input}\nFor documentation on this error, please visit: https://www.seleniumhq.org/exceptions/no_such_element.html\nBuild info: version: \u00273.141.59\u0027, revision: \u0027e82be7d358\u0027, time: \u00272018-11-14T08:17:03\u0027\nSystem info: host: \u0027fv-az592-477\u0027, ip: \u002710.1.1.27\u0027, os.name: \u0027Linux\u0027, os.arch: \u0027amd64\u0027, os.version: \u00275.15.0-1040-azure\u0027, java.version: \u00271.8.0_372\u0027\nDriver info: driver.version: unknown","stackTrace":[{"declaringClass":"org.openelisglobal.qaframework.automation.page.Page","methodName":"findElement","fileName":"Page.java","lineNumber":188},{"declaringClass":"org.openelisglobal.qaframework.automation.page.Page","methodName":"setText","fileName":"Page.java","lineNumber":228},{"declaringClass":"org.openelisglobal.qaframework.automation.page.AddOrderPage","methodName":"enterSearchTestName","fileName":"AddOrderPage.java","lineNumber":1099},{"declaringClass":"org.openelisglobal.qaframework.automation.TestManagementSteps","methodName":"userSearchesTestNameFromTheAvailableTests","fileName":"TestManagementSteps.java","lineNumber":325},{"declaringClass":"io.cucumber.java.Invoker","methodName":"doInvoke","fileName":"Invoker.java","lineNumber":66},{"declaringClass":"io.cucumber.java.Invoker","methodName":"invoke","fileName":"Invoker.java","lineNumber":24},{"declaringClass":"io.cucumber.java.AbstractGlueDefinition","methodName":"invokeMethod","fileName":"AbstractGlueDefinition.java","lineNumber":47},{"declaringClass":"io.cucumber.java.JavaStepDefinition","methodName":"execute","fileName":"JavaStepDefinition.java","lineNumber":29},{"declaringClass":"io.cucumber.core.runner.CoreStepDefinition","methodName":"execute","fileName":"CoreStepDefinition.java","lineNumber":66},{"declaringClass":"io.cucumber.core.runner.PickleStepDefinitionMatch","methodName":"runStep","fileName":"PickleStepDefinitionMatch.java","lineNumber":63},{"declaringClass":"io.cucumber.core.runner.TestStep","methodName":"executeStep","fileName":"TestStep.java","lineNumber":92},{"declaringClass":"io.cucumber.core.runner.TestStep","methodName":"run","fileName":"TestStep.java","lineNumber":64},{"declaringClass":"io.cucumber.core.runner.PickleStepTestStep","methodName":"run","fileName":"PickleStepTestStep.java","lineNumber":51},{"declaringClass":"io.cucumber.core.runner.TestCase","methodName":"run","fileName":"TestCase.java","lineNumber":104},{"declaringClass":"io.cucumber.core.runner.Runner","methodName":"runPickle","fileName":"Runner.java","lineNumber":73},{"declaringClass":"io.cucumber.junit.FeatureRunner","methodName":"runChild","fileName":"FeatureRunner.java","lineNumber":135},{"declaringClass":"io.cucumber.junit.FeatureRunner","methodName":"runChild","fileName":"FeatureRunner.java","lineNumber":27},{"declaringClass":"io.cucumber.junit.CucumberSerenityRunner","methodName":"runChild","fileName":"CucumberSerenityRunner.java","lineNumber":258},{"declaringClass":"io.cucumber.junit.CucumberSerenityRunner","methodName":"runChild","fileName":"CucumberSerenityRunner.java","lineNumber":57}]},"testFailureClassname":"org.openqa.selenium.NoSuchElementException","testFailureMessage":"no such element: Unable to locate element: {\"method\":\"xpath\",\"selector\":\"//*[@id\u003d\"addTables\"]/tbody/tr[2]/td[2]/span/span[1]/span/ul/li/input\"}\n  (Session info: chrome\u003d114.0.5735.133)\nFor documentation on this error, please visit: https://www.seleniumhq.org/exceptions/no_such_element.html\nBuild info: version: \u00273.141.59\u0027, revision: \u0027e82be7d358\u0027, time: \u00272018-11-14T08:17:03\u0027\nSystem info: host: \u0027fv-az592-477\u0027, ip: \u002710.1.1.27\u0027, os.name: \u0027Linux\u0027, os.arch: \u0027amd64\u0027, os.version: \u00275.15.0-1040-azure\u0027, java.version: \u00271.8.0_372\u0027\nDriver info: org.openqa.selenium.remote.RemoteWebDriver\nCapabilities {acceptInsecureCerts: false, browserName: chrome, browserVersion: 114.0.5735.133, chrome: {chromedriverVersion: 114.0.5735.90 (386bc09e8f4f..., userDataDir: /tmp/.com.google.Chrome.bxogMa}, goog:chromeOptions: {debuggerAddress: localhost:44455}, javascriptEnabled: true, networkConnectionEnabled: false, pageLoadStrategy: normal, platform: LINUX, platformName: LINUX, proxy: Proxy(), se:bidiEnabled: false, se:cdp: ws://172.18.0.2:4444/sessio..., se:cdpVersion: 114.0.5735.133, se:vnc: ws://172.18.0.2:4444/sessio..., se:vncEnabled: true, se:vncLocalAddress: ws://172.18.0.2:7900, setWindowRect: true, strictFileInteractability: false, timeouts: {implicit: 0, pageLoad: 300000, script: 30000}, unhandledPromptBehavior: dismiss and notify, webauthn:extension:credBlob: true, webauthn:extension:largeBlob: true, webauthn:extension:minPinLength: true, webauthn:extension:prf: true, webauthn:virtualAuthenticators: true}\nSession ID: 3311989b1453e507757502da28b66546\n*** Element info: {Using\u003dxpath, value\u003d//*[@id\u003d\"addTables\"]/tbody/tr[2]/td[2]/span/span[1]/span/ul/li/input}\nFor documentation on this error, please visit: https://www.seleniumhq.org/exceptions/no_such_element.html\nBuild info: version: \u00273.141.59\u0027, revision: \u0027e82be7d358\u0027, time: \u00272018-11-14T08:17:03\u0027\nSystem info: host: \u0027fv-az592-477\u0027, ip: \u002710.1.1.27\u0027, os.name: \u0027Linux\u0027, os.arch: \u0027amd64\u0027, os.version: \u00275.15.0-1040-azure\u0027, java.version: \u00271.8.0_372\u0027\nDriver info: driver.version: unknown","testFailureSummary":"ERROR;org.openqa.selenium.NoSuchElementException;no such element: Unable to locate element: {\"method\":\"xpath\",\"selector\":\"//*[@id\u003d\"addTables\"]/tbody/tr[2]/td[2]/span/span[1]/span/ul/li/input\"}\n  (Session info: chrome\u003d114.0.5735.133)\nFor documentation on this error, please visit: https://www.seleniumhq.org/exceptions/no_such_element.html\nBuild info: version: \u00273.141.59\u0027, revision: \u0027e82be7d358\u0027, time: \u00272018-11-14T08:17:03\u0027\nSystem info: host: \u0027fv-az592-477\u0027, ip: \u002710.1.1.27\u0027, os.name: \u0027Linux\u0027, os.arch: \u0027amd64\u0027, os.version: \u00275.15.0-1040-azure\u0027, java.version: \u00271.8.0_372\u0027\nDriver info: org.openqa.selenium.remote.RemoteWebDriver\nCapabilities {acceptInsecureCerts: false, browserName: chrome, browserVersion: 114.0.5735.133, chrome: {chromedriverVersion: 114.0.5735.90 (386bc09e8f4f..., userDataDir: /tmp/.com.google.Chrome.bxogMa}, goog:chromeOptions: {debuggerAddress: localhost:44455}, javascriptEnabled: true, networkConnectionEnabled: false, pageLoadStrategy: normal, platform: LINUX, platformName: LINUX, proxy: Proxy(), se:bidiEnabled: false, se:cdp: ws://172.18.0.2:4444/sessio..., se:cdpVersion: 114.0.5735.133, se:vnc: ws://172.18.0.2:4444/sessio..., se:vncEnabled: true, se:vncLocalAddress: ws://172.18.0.2:7900, setWindowRect: true, strictFileInteractability: false, timeouts: {implicit: 0, pageLoad: 300000, script: 30000}, unhandledPromptBehavior: dismiss and notify, webauthn:extension:credBlob: true, webauthn:extension:largeBlob: true, webauthn:extension:minPinLength: true, webauthn:extension:prf: true, webauthn:virtualAuthenticators: true}\nSession ID: 3311989b1453e507757502da28b66546\n*** Element info: {Using\u003dxpath, value\u003d//*[@id\u003d\"addTables\"]/tbody/tr[2]/td[2]/span/span[1]/span/ul/li/input}\nFor documentation on this error, please visit: https://www.seleniumhq.org/exceptions/no_such_element.html\nBuild info: version: \u00273.141.59\u0027, revision: \u0027e82be7d358\u0027, time: \u00272018-11-14T08:17:03\u0027\nSystem info: host: \u0027fv-az592-477\u0027, ip: \u002710.1.1.27\u0027, os.name: \u0027Linux\u0027, os.arch: \u0027amd64\u0027, os.version: \u00275.15.0-1040-azure\u0027, java.version: \u00271.8.0_372\u0027\nDriver info: driver.version: unknown;Page.java","projectKey":"","isManualTestingUpToDate":false,"dataTable":{"headers":["sampleType","TestName"],"rows":[{"values":["Serum","gastric fluid analysis"],"lineNumber":119,"result":"ERROR"},{"values":["Urines","gastric fluid analysis"],"lineNumber":120,"result":"FAILURE"}],"predefinedRows":true,"scenarioOutline":"Given User Clicks on the Order menu tab and select Add order\n\rThen User selects sample type \"\u003csampleType\u003e\" from the drop down\n\rAnd User Searches TestName \"\u003cTestName\u003e\" from the available Tests\n\r","dataSetDescriptors":[{"startRow":0,"rowCount":0,"name":"","description":""}]},"manual":false,"testSource":"Cucumber","result":"ERROR","scenarioOutline":"Given User Clicks on the Order menu tab and select Add order\nThen User selects sample type \"\u003csampleType\u003e\" from the drop down\nAnd User Searches TestName \"\u003cTestName\u003e\" from the available Tests"}