{"name":"Add Tests","id":"modify-order;add-tests","testSteps":[{"number":1,"description":"1: Add Tests ({labNo\u003d20231099040004863})","duration":17771,"startTime":"2023-06-26T18:29:18.603Z[Etc/UTC]","exception":{"errorType":"org.openqa.selenium.TimeoutException","message":"Expected condition failed: waiting for visibility of element located by By.xpath: /html/body/form/table/tbody/tr[4]/td/div[2]/div[4]/table/tbody/tr/td/div/div[7]/table/tbody/tr[1]/th[7]/span (tried for 5 second(s) with 500 milliseconds interval)\nBuild info: version: \u00273.141.59\u0027, revision: \u0027e82be7d358\u0027, time: \u00272018-11-14T08:17:03\u0027\nSystem info: host: \u0027fv-az592-477\u0027, ip: \u002710.1.1.27\u0027, os.name: \u0027Linux\u0027, os.arch: \u0027amd64\u0027, os.version: \u00275.15.0-1040-azure\u0027, java.version: \u00271.8.0_372\u0027\nDriver info: org.openqa.selenium.remote.RemoteWebDriver\nCapabilities {acceptInsecureCerts: false, browserName: chrome, browserVersion: 114.0.5735.133, chrome: {chromedriverVersion: 114.0.5735.90 (386bc09e8f4f..., userDataDir: /tmp/.com.google.Chrome.GLhcQy}, goog:chromeOptions: {debuggerAddress: localhost:33469}, javascriptEnabled: true, networkConnectionEnabled: false, pageLoadStrategy: normal, platform: LINUX, platformName: LINUX, proxy: Proxy(), se:bidiEnabled: false, se:cdp: ws://172.18.0.2:4444/sessio..., se:cdpVersion: 114.0.5735.133, se:vnc: ws://172.18.0.2:4444/sessio..., se:vncEnabled: true, se:vncLocalAddress: ws://172.18.0.2:7900, setWindowRect: true, strictFileInteractability: false, timeouts: {implicit: 0, pageLoad: 300000, script: 30000}, unhandledPromptBehavior: dismiss and notify, webauthn:extension:credBlob: true, webauthn:extension:largeBlob: true, webauthn:extension:minPinLength: true, webauthn:extension:prf: true, webauthn:virtualAuthenticators: true}\nSession ID: c822fd33de4034408dfc8fff7c057c4a\nBuild info: version: \u00273.141.59\u0027, revision: \u0027e82be7d358\u0027, time: \u00272018-11-14T08:17:03\u0027\nSystem info: host: \u0027fv-az592-477\u0027, ip: \u002710.1.1.27\u0027, os.name: \u0027Linux\u0027, os.arch: \u0027amd64\u0027, os.version: \u00275.15.0-1040-azure\u0027, java.version: \u00271.8.0_372\u0027\nDriver info: driver.version: unknown","stackTrace":[{"declaringClass":"org.openelisglobal.qaframework.automation.page.Page","methodName":"findElement","fileName":"Page.java","lineNumber":188},{"declaringClass":"org.openelisglobal.qaframework.automation.page.Page","methodName":"getClass","fileName":"Page.java","lineNumber":420},{"declaringClass":"org.openelisglobal.qaframework.automation.page.ModifyOrderPage","methodName":"getTestRequiredLabelClass","fileName":"ModifyOrderPage.java","lineNumber":310},{"declaringClass":"org.openelisglobal.qaframework.automation.ModifyOrderSteps","methodName":"testsEntryMarkedMandatory","fileName":"ModifyOrderSteps.java","lineNumber":708},{"declaringClass":"✽","methodName":"Test entry is marked mandatory on the Modify Oder Page","fileName":"file:///home/runner/work/openelis-qaframework/openelis-qaframework/src/features/openelis/modifyOrder.feature","lineNumber":157}]},"result":"ERROR","precondition":false,"level":0,"lineNumber":173,"children":[{"number":2,"description":"Given User Logs in to Home Page and goes to Modify Order Page","duration":6577,"startTime":"2023-06-26T18:29:19.062Z[Etc/UTC]","result":"SUCCESS","precondition":false,"level":1},{"number":3,"description":"And User Search by lab number \"20231099040004863\" from previous testing steps on the Modify Oder Page","duration":3584,"startTime":"2023-06-26T18:29:25.640Z[Etc/UTC]","result":"SUCCESS","precondition":false,"level":1},{"number":4,"description":"And User Select any sample type on the Modify Oder Page","duration":1460,"startTime":"2023-06-26T18:29:29.225Z[Etc/UTC]","result":"SUCCESS","precondition":false,"level":1},{"number":5,"description":"Then Test entry is marked mandatory on the Modify Oder Page","duration":5557,"startTime":"2023-06-26T18:29:30.685Z[Etc/UTC]","exception":{"errorType":"org.openqa.selenium.TimeoutException","message":"Expected condition failed: waiting for visibility of element located by By.xpath: /html/body/form/table/tbody/tr[4]/td/div[2]/div[4]/table/tbody/tr/td/div/div[7]/table/tbody/tr[1]/th[7]/span (tried for 5 second(s) with 500 milliseconds interval)\nBuild info: version: \u00273.141.59\u0027, revision: \u0027e82be7d358\u0027, time: \u00272018-11-14T08:17:03\u0027\nSystem info: host: \u0027fv-az592-477\u0027, ip: \u002710.1.1.27\u0027, os.name: \u0027Linux\u0027, os.arch: \u0027amd64\u0027, os.version: \u00275.15.0-1040-azure\u0027, java.version: \u00271.8.0_372\u0027\nDriver info: org.openqa.selenium.remote.RemoteWebDriver\nCapabilities {acceptInsecureCerts: false, browserName: chrome, browserVersion: 114.0.5735.133, chrome: {chromedriverVersion: 114.0.5735.90 (386bc09e8f4f..., userDataDir: /tmp/.com.google.Chrome.GLhcQy}, goog:chromeOptions: {debuggerAddress: localhost:33469}, javascriptEnabled: true, networkConnectionEnabled: false, pageLoadStrategy: normal, platform: LINUX, platformName: LINUX, proxy: Proxy(), se:bidiEnabled: false, se:cdp: ws://172.18.0.2:4444/sessio..., se:cdpVersion: 114.0.5735.133, se:vnc: ws://172.18.0.2:4444/sessio..., se:vncEnabled: true, se:vncLocalAddress: ws://172.18.0.2:7900, setWindowRect: true, strictFileInteractability: false, timeouts: {implicit: 0, pageLoad: 300000, script: 30000}, unhandledPromptBehavior: dismiss and notify, webauthn:extension:credBlob: true, webauthn:extension:largeBlob: true, webauthn:extension:minPinLength: true, webauthn:extension:prf: true, webauthn:virtualAuthenticators: true}\nSession ID: c822fd33de4034408dfc8fff7c057c4a\nBuild info: version: \u00273.141.59\u0027, revision: \u0027e82be7d358\u0027, time: \u00272018-11-14T08:17:03\u0027\nSystem info: host: \u0027fv-az592-477\u0027, ip: \u002710.1.1.27\u0027, os.name: \u0027Linux\u0027, os.arch: \u0027amd64\u0027, os.version: \u00275.15.0-1040-azure\u0027, java.version: \u00271.8.0_372\u0027\nDriver info: driver.version: unknown","stackTrace":[{"declaringClass":"org.openelisglobal.qaframework.automation.page.Page","methodName":"findElement","fileName":"Page.java","lineNumber":188},{"declaringClass":"org.openelisglobal.qaframework.automation.page.Page","methodName":"getClass","fileName":"Page.java","lineNumber":420},{"declaringClass":"org.openelisglobal.qaframework.automation.page.ModifyOrderPage","methodName":"getTestRequiredLabelClass","fileName":"ModifyOrderPage.java","lineNumber":310},{"declaringClass":"org.openelisglobal.qaframework.automation.ModifyOrderSteps","methodName":"testsEntryMarkedMandatory","fileName":"ModifyOrderSteps.java","lineNumber":708},{"declaringClass":"✽","methodName":"Test entry is marked mandatory on the Modify Oder Page","fileName":"file:///home/runner/work/openelis-qaframework/openelis-qaframework/src/features/openelis/modifyOrder.feature","lineNumber":157}]},"result":"ERROR","precondition":false,"level":1},{"number":6,"description":"And Available Tests check box list appears for each sample type","duration":1,"startTime":"2023-06-26T18:29:36.243Z[Etc/UTC]","result":"SKIPPED","precondition":false,"level":1},{"number":7,"description":"When User Checks check box next to test name on the Modify Oder Page","duration":2,"startTime":"2023-06-26T18:29:36.244Z[Etc/UTC]","result":"SKIPPED","precondition":false,"level":1},{"number":8,"description":"Then Checkbox sticks, test name appears in Tests box on the Modify Oder Page","duration":1,"startTime":"2023-06-26T18:29:36.246Z[Etc/UTC]","result":"SKIPPED","precondition":false,"level":1},{"number":9,"description":"When User Unchecks check box next to test name on the Modify Oder Page","duration":1,"startTime":"2023-06-26T18:29:36.247Z[Etc/UTC]","result":"SKIPPED","precondition":false,"level":1},{"number":10,"description":"Then Checkbox stays clear; Deselects test ;test name disappears from Tests box","duration":1,"startTime":"2023-06-26T18:29:36.249Z[Etc/UTC]","result":"SKIPPED","precondition":false,"level":1},{"number":11,"description":"When User Checks check box next to panel name on the Modify Oder Page","duration":1,"startTime":"2023-06-26T18:29:36.250Z[Etc/UTC]","result":"SKIPPED","precondition":false,"level":1},{"number":12,"description":"Then All panel tests are selected ,checkboxes stick, test names appear in Tests box","duration":1,"startTime":"2023-06-26T18:29:36.252Z[Etc/UTC]","result":"SKIPPED","precondition":false,"level":1},{"number":13,"description":"When User unChecks check box next to panel name on the Modify Oder Page","duration":1,"startTime":"2023-06-26T18:29:36.253Z[Etc/UTC]","result":"SKIPPED","precondition":false,"level":1},{"number":14,"description":"Then All panel tests are diselected ;test name disappears from Tests box","duration":1,"startTime":"2023-06-26T18:29:36.254Z[Etc/UTC]","result":"SKIPPED","precondition":false,"level":1},{"number":15,"description":"When User Enters text in box Tests on the Modify Oder Page","duration":1,"startTime":"2023-06-26T18:29:36.256Z[Etc/UTC]","result":"SKIPPED","precondition":false,"level":1},{"number":16,"description":"Then Text cannot be added to box Tests on the Modify Oder Page","duration":1,"startTime":"2023-06-26T18:29:36.257Z[Etc/UTC]","result":"SKIPPED","precondition":false,"level":1},{"number":17,"description":"When User Deletes text from box Tests on the Modify Oder Page","duration":0,"startTime":"2023-06-26T18:29:36.259Z[Etc/UTC]","result":"SKIPPED","precondition":false,"level":1},{"number":18,"description":"Then Text cannot be deleted from  Tests box on the Modify Oder Page","duration":0,"startTime":"2023-06-26T18:29:36.260Z[Etc/UTC]","result":"SKIPPED","precondition":false,"level":1}]},{"number":19,"description":"2: Add Tests (null)","duration":0,"startTime":"2023-06-26T18:29:36.407Z[Etc/UTC]","precondition":false,"level":0,"lineNumber":192,"children":[{"number":20,"description":"Given User Logs in to Home Page and goes to Modify Order Page","duration":6577,"startTime":"2023-06-26T18:29:36.959Z[Etc/UTC]","result":"SUCCESS","precondition":false,"level":1},{"number":21,"description":"And User Search by lab number \"20231099040004863\" from previous testing steps on the Modify Oder Page","duration":3763,"startTime":"2023-06-26T18:29:43.536Z[Etc/UTC]","result":"SUCCESS","precondition":false,"level":1},{"number":22,"description":"When User Leaves mandatory field without data on the Modify Oder Page","duration":1149,"startTime":"2023-06-26T18:29:47.300Z[Etc/UTC]","result":"SUCCESS","precondition":false,"level":1},{"number":23,"description":"Then Save button deactivated until all mandatory fields are completed on the Modify Oder Page","duration":272,"startTime":"2023-06-26T18:29:48.450Z[Etc/UTC]","result":"SUCCESS","precondition":false,"level":1},{"number":24,"description":"When User Completes all mandatory fields on the Modify Oder Page","duration":4673,"startTime":"2023-06-26T18:29:48.723Z[Etc/UTC]","result":"SUCCESS","precondition":false,"level":1},{"number":25,"description":"Then Save button activated when all mandatory fields are completed on the Modify Oder Page","duration":54,"startTime":"2023-06-26T18:29:53.397Z[Etc/UTC]","result":"SUCCESS","precondition":false,"level":1},{"number":26,"description":"When User Clicks Cancel on the Modify Oder Page","duration":182,"startTime":"2023-06-26T18:29:53.451Z[Etc/UTC]","result":"SUCCESS","precondition":false,"level":1},{"number":27,"description":"Then Pop-up message \u0027Leave Site? Changes you made may not be saved\u0027 appears","duration":1007,"startTime":"2023-06-26T18:29:53.634Z[Etc/UTC]","result":"SUCCESS","precondition":false,"level":1},{"number":28,"description":"When User Clicks Cancel to Cancel the Confirmation box","duration":43,"startTime":"2023-06-26T18:29:54.641Z[Etc/UTC]","result":"SUCCESS","precondition":false,"level":1},{"number":29,"description":"Then Edit Sample form remains on screen on the Modify Oder Page","duration":170,"startTime":"2023-06-26T18:29:54.684Z[Etc/UTC]","exception":{"errorType":"java.lang.AssertionError","stackTrace":[{"declaringClass":"org.openelisglobal.qaframework.automation.ModifyOrderSteps","methodName":"editSampleFormRemainsOnSCreen","fileName":"ModifyOrderSteps.java","lineNumber":846},{"declaringClass":"✽","methodName":"Edit Sample form remains on screen on the Modify Oder Page","fileName":"file:///home/runner/work/openelis-qaframework/openelis-qaframework/src/features/openelis/modifyOrder.feature","lineNumber":185}]},"result":"FAILURE","precondition":false,"level":1},{"number":30,"description":"And User User Clicks Save on the Modify Oder Page","duration":1,"startTime":"2023-06-26T18:29:54.854Z[Etc/UTC]","result":"SKIPPED","precondition":false,"level":1},{"number":31,"description":"Then Save results in new Edit Sample page and message in green \u0027Save was successful\u0027","duration":1,"startTime":"2023-06-26T18:29:54.856Z[Etc/UTC]","result":"SKIPPED","precondition":false,"level":1},{"number":32,"description":"When User Clicks Cancel on the Modify Oder Page","duration":1,"startTime":"2023-06-26T18:29:54.857Z[Etc/UTC]","result":"SKIPPED","precondition":false,"level":1},{"number":33,"description":"Then System returns to Returns to home page","duration":1,"startTime":"2023-06-26T18:29:54.858Z[Etc/UTC]","result":"SKIPPED","precondition":false,"level":1}]}],"userStory":{"id":"modify-order","storyName":"Modify Order","path":"openelis/modifyOrder.feature","type":"feature"},"featureTag":{"name":"Openelis/Modify Order","type":"feature","displayName":"Openelis/Modify Order"},"title":"Add Tests","description":"","backgroundTitle":"","backgroundDescription":"","tags":[{"name":"modifyOrder","type":"tag","displayName":"modifyOrder"}],"startTime":"2023-06-26T18:29:18.602Z[Etc/UTC]","duration":36382,"testFailureCause":{"errorType":"org.openqa.selenium.TimeoutException","message":"Expected condition failed: waiting for visibility of element located by By.xpath: /html/body/form/table/tbody/tr[4]/td/div[2]/div[4]/table/tbody/tr/td/div/div[7]/table/tbody/tr[1]/th[7]/span (tried for 5 second(s) with 500 milliseconds interval)\nBuild info: version: \u00273.141.59\u0027, revision: \u0027e82be7d358\u0027, time: \u00272018-11-14T08:17:03\u0027\nSystem info: host: \u0027fv-az592-477\u0027, ip: \u002710.1.1.27\u0027, os.name: \u0027Linux\u0027, os.arch: \u0027amd64\u0027, os.version: \u00275.15.0-1040-azure\u0027, java.version: \u00271.8.0_372\u0027\nDriver info: org.openqa.selenium.remote.RemoteWebDriver\nCapabilities {acceptInsecureCerts: false, browserName: chrome, browserVersion: 114.0.5735.133, chrome: {chromedriverVersion: 114.0.5735.90 (386bc09e8f4f..., userDataDir: /tmp/.com.google.Chrome.GLhcQy}, goog:chromeOptions: {debuggerAddress: localhost:33469}, javascriptEnabled: true, networkConnectionEnabled: false, pageLoadStrategy: normal, platform: LINUX, platformName: LINUX, proxy: Proxy(), se:bidiEnabled: false, se:cdp: ws://172.18.0.2:4444/sessio..., se:cdpVersion: 114.0.5735.133, se:vnc: ws://172.18.0.2:4444/sessio..., se:vncEnabled: true, se:vncLocalAddress: ws://172.18.0.2:7900, setWindowRect: true, strictFileInteractability: false, timeouts: {implicit: 0, pageLoad: 300000, script: 30000}, unhandledPromptBehavior: dismiss and notify, webauthn:extension:credBlob: true, webauthn:extension:largeBlob: true, webauthn:extension:minPinLength: true, webauthn:extension:prf: true, webauthn:virtualAuthenticators: true}\nSession ID: c822fd33de4034408dfc8fff7c057c4a\nBuild info: version: \u00273.141.59\u0027, revision: \u0027e82be7d358\u0027, time: \u00272018-11-14T08:17:03\u0027\nSystem info: host: \u0027fv-az592-477\u0027, ip: \u002710.1.1.27\u0027, os.name: \u0027Linux\u0027, os.arch: \u0027amd64\u0027, os.version: \u00275.15.0-1040-azure\u0027, java.version: \u00271.8.0_372\u0027\nDriver info: driver.version: unknown","stackTrace":[{"declaringClass":"org.openelisglobal.qaframework.automation.page.Page","methodName":"findElement","fileName":"Page.java","lineNumber":188},{"declaringClass":"org.openelisglobal.qaframework.automation.page.Page","methodName":"getClass","fileName":"Page.java","lineNumber":420},{"declaringClass":"org.openelisglobal.qaframework.automation.page.ModifyOrderPage","methodName":"getTestRequiredLabelClass","fileName":"ModifyOrderPage.java","lineNumber":310},{"declaringClass":"org.openelisglobal.qaframework.automation.ModifyOrderSteps","methodName":"testsEntryMarkedMandatory","fileName":"ModifyOrderSteps.java","lineNumber":708},{"declaringClass":"✽","methodName":"Test entry is marked mandatory on the Modify Oder Page","fileName":"file:///home/runner/work/openelis-qaframework/openelis-qaframework/src/features/openelis/modifyOrder.feature","lineNumber":157}]},"testFailureClassname":"org.openqa.selenium.TimeoutException","testFailureMessage":"Expected condition failed: waiting for visibility of element located by By.xpath: /html/body/form/table/tbody/tr[4]/td/div[2]/div[4]/table/tbody/tr/td/div/div[7]/table/tbody/tr[1]/th[7]/span (tried for 5 second(s) with 500 milliseconds interval)\nBuild info: version: \u00273.141.59\u0027, revision: \u0027e82be7d358\u0027, time: \u00272018-11-14T08:17:03\u0027\nSystem info: host: \u0027fv-az592-477\u0027, ip: \u002710.1.1.27\u0027, os.name: \u0027Linux\u0027, os.arch: \u0027amd64\u0027, os.version: \u00275.15.0-1040-azure\u0027, java.version: \u00271.8.0_372\u0027\nDriver info: org.openqa.selenium.remote.RemoteWebDriver\nCapabilities {acceptInsecureCerts: false, browserName: chrome, browserVersion: 114.0.5735.133, chrome: {chromedriverVersion: 114.0.5735.90 (386bc09e8f4f..., userDataDir: /tmp/.com.google.Chrome.GLhcQy}, goog:chromeOptions: {debuggerAddress: localhost:33469}, javascriptEnabled: true, networkConnectionEnabled: false, pageLoadStrategy: normal, platform: LINUX, platformName: LINUX, proxy: Proxy(), se:bidiEnabled: false, se:cdp: ws://172.18.0.2:4444/sessio..., se:cdpVersion: 114.0.5735.133, se:vnc: ws://172.18.0.2:4444/sessio..., se:vncEnabled: true, se:vncLocalAddress: ws://172.18.0.2:7900, setWindowRect: true, strictFileInteractability: false, timeouts: {implicit: 0, pageLoad: 300000, script: 30000}, unhandledPromptBehavior: dismiss and notify, webauthn:extension:credBlob: true, webauthn:extension:largeBlob: true, webauthn:extension:minPinLength: true, webauthn:extension:prf: true, webauthn:virtualAuthenticators: true}\nSession ID: c822fd33de4034408dfc8fff7c057c4a\nBuild info: version: \u00273.141.59\u0027, revision: \u0027e82be7d358\u0027, time: \u00272018-11-14T08:17:03\u0027\nSystem info: host: \u0027fv-az592-477\u0027, ip: \u002710.1.1.27\u0027, os.name: \u0027Linux\u0027, os.arch: \u0027amd64\u0027, os.version: \u00275.15.0-1040-azure\u0027, java.version: \u00271.8.0_372\u0027\nDriver info: driver.version: unknown","testFailureSummary":"ERROR;org.openqa.selenium.TimeoutException;Expected condition failed: waiting for visibility of element located by By.xpath: /html/body/form/table/tbody/tr[4]/td/div[2]/div[4]/table/tbody/tr/td/div/div[7]/table/tbody/tr[1]/th[7]/span (tried for 5 second(s) with 500 milliseconds interval)\nBuild info: version: \u00273.141.59\u0027, revision: \u0027e82be7d358\u0027, time: \u00272018-11-14T08:17:03\u0027\nSystem info: host: \u0027fv-az592-477\u0027, ip: \u002710.1.1.27\u0027, os.name: \u0027Linux\u0027, os.arch: \u0027amd64\u0027, os.version: \u00275.15.0-1040-azure\u0027, java.version: \u00271.8.0_372\u0027\nDriver info: org.openqa.selenium.remote.RemoteWebDriver\nCapabilities {acceptInsecureCerts: false, browserName: chrome, browserVersion: 114.0.5735.133, chrome: {chromedriverVersion: 114.0.5735.90 (386bc09e8f4f..., userDataDir: /tmp/.com.google.Chrome.GLhcQy}, goog:chromeOptions: {debuggerAddress: localhost:33469}, javascriptEnabled: true, networkConnectionEnabled: false, pageLoadStrategy: normal, platform: LINUX, platformName: LINUX, proxy: Proxy(), se:bidiEnabled: false, se:cdp: ws://172.18.0.2:4444/sessio..., se:cdpVersion: 114.0.5735.133, se:vnc: ws://172.18.0.2:4444/sessio..., se:vncEnabled: true, se:vncLocalAddress: ws://172.18.0.2:7900, setWindowRect: true, strictFileInteractability: false, timeouts: {implicit: 0, pageLoad: 300000, script: 30000}, unhandledPromptBehavior: dismiss and notify, webauthn:extension:credBlob: true, webauthn:extension:largeBlob: true, webauthn:extension:minPinLength: true, webauthn:extension:prf: true, webauthn:virtualAuthenticators: true}\nSession ID: c822fd33de4034408dfc8fff7c057c4a\nBuild info: version: \u00273.141.59\u0027, revision: \u0027e82be7d358\u0027, time: \u00272018-11-14T08:17:03\u0027\nSystem info: host: \u0027fv-az592-477\u0027, ip: \u002710.1.1.27\u0027, os.name: \u0027Linux\u0027, os.arch: \u0027amd64\u0027, os.version: \u00275.15.0-1040-azure\u0027, java.version: \u00271.8.0_372\u0027\nDriver info: driver.version: unknown;Page.java","projectKey":"","isManualTestingUpToDate":false,"dataTable":{"headers":["labNo"],"rows":[{"values":["20231099040004863"],"lineNumber":173,"result":"ERROR"}],"predefinedRows":true,"scenarioOutline":"And User Search by lab number \"\u003clabNo\u003e\" from previous testing steps on the Modify Oder Page\n\rAnd User Select any sample type on the Modify Oder Page\n\rThen Test entry is marked mandatory on the Modify Oder Page\n\rAnd Available Tests check box list appears for each sample type\n\rWhen User Checks check box next to test name on the Modify Oder Page\n\rThen Checkbox sticks, test name appears in Tests box on the Modify Oder Page\n\rWhen User Unchecks check box next to test name on the Modify Oder Page\n\rThen Checkbox stays clear; Deselects test ;test name disappears from Tests box\n\rWhen User Checks check box next to panel name on the Modify Oder Page\n\rThen All panel tests are selected ,checkboxes stick, test names appear in Tests box\n\rWhen User unChecks check box next to panel name on the Modify Oder Page\n\rThen All panel tests are diselected ;test name disappears from Tests box\n\rWhen User Enters text in box Tests on the Modify Oder Page\n\rThen Text cannot be added to box Tests on the Modify Oder Page\n\rWhen User Deletes text from box Tests on the Modify Oder Page\n\rThen Text cannot be deleted from  Tests box on the Modify Oder Page\n\r","dataSetDescriptors":[{"startRow":0,"rowCount":0,"name":"","description":""}]},"manual":false,"testSource":"Cucumber","result":"ERROR","scenarioOutline":"And User Search by lab number \"\u003clabNo\u003e\" from previous testing steps on the Modify Oder Page\nAnd User Select any sample type on the Modify Oder Page\nThen Test entry is marked mandatory on the Modify Oder Page\nAnd Available Tests check box list appears for each sample type\nWhen User Checks check box next to test name on the Modify Oder Page\nThen Checkbox sticks, test name appears in Tests box on the Modify Oder Page\nWhen User Unchecks check box next to test name on the Modify Oder Page\nThen Checkbox stays clear; Deselects test ;test name disappears from Tests box\nWhen User Checks check box next to panel name on the Modify Oder Page\nThen All panel tests are selected ,checkboxes stick, test names appear in Tests box\nWhen User unChecks check box next to panel name on the Modify Oder Page\nThen All panel tests are diselected ;test name disappears from Tests box\nWhen User Enters text in box Tests on the Modify Oder Page\nThen Text cannot be added to box Tests on the Modify Oder Page\nWhen User Deletes text from box Tests on the Modify Oder Page\nThen Text cannot be deleted from  Tests box on the Modify Oder Page"}