<?xml version="1.0" encoding="UTF-8"?><testsuite errors="1" failures="2" name="Validation" skipped="0" tests="3" time="55.43" timestamp="2023-06-26 06:42:46"><testcase name="Validation"><failure type="java.lang.AssertionError"/><system-err>null
org.openelisglobal.qaframework.automation.ValidationSteps.theValidationByUnitTypePageDisplays(ValidationSteps.java:87)
✽.The Validation by Unit Type "Molecular Biology" page displays(file:///home/runner/work/openelis-qaframework/openelis-qaframework/src/features/openelis/validation.feature:10)
</system-err></testcase><testcase name="Overall Page"><error message="Cannot locate element with text: Molecular Biology&#10;For documentation on this error, please visit: https://www.seleniumhq.org/exceptions/no_such_element.html&#10;Build info: version: '3.141.59', revision: 'e82be7d358', time: '2018-11-14T08:17:03'&#10;System info: host: 'fv-az592-477', ip: '10.1.1.27', os.name: 'Linux', os.arch: 'amd64', os.version: '5.15.0-1040-azure', java.version: '1.8.0_372'&#10;Driver info: driver.version: unknown&#10;For documentation on this error, please visit: https://www.seleniumhq.org/exceptions/no_such_element.html&#10;Build info: version: '3.141.59', revision: 'e82be7d358', time: '2018-11-14T08:17:03'&#10;System info: host: 'fv-az592-477', ip: '10.1.1.27', os.name: 'Linux', os.arch: 'amd64', os.version: '5.15.0-1040-azure', java.version: '1.8.0_372'&#10;Driver info: driver.version: unknown" type="org.openqa.selenium.NoSuchElementException">Cannot locate element with text: Molecular Biology
For documentation on this error, please visit: https://www.seleniumhq.org/exceptions/no_such_element.html
Build info: version: '3.141.59', revision: 'e82be7d358', time: '2018-11-14T08:17:03'
System info: host: 'fv-az592-477', ip: '10.1.1.27', os.name: 'Linux', os.arch: 'amd64', os.version: '5.15.0-1040-azure', java.version: '1.8.0_372'
Driver info: driver.version: unknown
For documentation on this error, please visit: https://www.seleniumhq.org/exceptions/no_such_element.html
Build info: version: '3.141.59', revision: 'e82be7d358', time: '2018-11-14T08:17:03'
System info: host: 'fv-az592-477', ip: '10.1.1.27', os.name: 'Linux', os.arch: 'amd64', os.version: '5.15.0-1040-azure', java.version: '1.8.0_372'
Driver info: driver.version: unknown</error><system-err>Cannot locate element with text: Molecular Biology
For documentation on this error, please visit: https://www.seleniumhq.org/exceptions/no_such_element.html
Build info: version: '3.141.59', revision: 'e82be7d358', time: '2018-11-14T08:17:03'
System info: host: 'fv-az592-477', ip: '10.1.1.27', os.name: 'Linux', os.arch: 'amd64', os.version: '5.15.0-1040-azure', java.version: '1.8.0_372'
Driver info: driver.version: unknown
For documentation on this error, please visit: https://www.seleniumhq.org/exceptions/no_such_element.html
Build info: version: '3.141.59', revision: 'e82be7d358', time: '2018-11-14T08:17:03'
System info: host: 'fv-az592-477', ip: '10.1.1.27', os.name: 'Linux', os.arch: 'amd64', os.version: '5.15.0-1040-azure', java.version: '1.8.0_372'
Driver info: driver.version: unknown
org.openelisglobal.qaframework.automation.page.Page.selectFrom(Page.java:275)
org.openelisglobal.qaframework.automation.page.ResultValidationPage.selectUnitType(ResultValidationPage.java:60)
org.openelisglobal.qaframework.automation.ValidationSteps.goToValidationPage(ValidationSteps.java:105)
✽.User Selects a Unit Type "Molecular Biology" under which there are known tests(file:///home/runner/work/openelis-qaframework/openelis-qaframework/src/features/openelis/validation.feature:48)
</system-err></testcase><testcase name="Verification"><failure type="java.lang.AssertionError"/><system-err>null
org.openelisglobal.qaframework.automation.test.TestBase.assertPageContainsPatientResults(TestBase.java:249)
org.openelisglobal.qaframework.automation.ValidationSteps.resultAppear(ValidationSteps.java:333)
✽.Saved results without rejection reason appear on Patient Status Report(file:///home/runner/work/openelis-qaframework/openelis-qaframework/src/features/openelis/validation.feature:70)
</system-err></testcase></testsuite>